#
# A fatal error has been detected by the Java Runtime Environment:
#
#  SIGSEGV (0xb) at pc=0x000000010cb463d9, pid=46724, tid=259
#
# JRE version: OpenJDK Runtime Environment (15.0.1+9) (build 15.0.1+9-18)
# Java VM: OpenJDK 64-Bit Server VM (15.0.1+9-18, mixed mode, tiered, compressed oops, g1 gc, bsd-amd64)
# Problematic frame:
# V  [libjvm.dylib+0x2c13d9]  CompilationPolicy::compile_if_required(methodHandle const&, Thread*)+0x39
#
# No core dump will be written. Core dumps have been disabled. To enable core dumping, try "ulimit -c unlimited" before starting Java again
#
# If you would like to submit a bug report, please visit:
#   https://bugreport.java.com/bugreport/crash.jsp
# The crash happened outside the Java Virtual Machine in native code.
# See problematic frame for where to report the bug.
#

---------------  S U M M A R Y ------------

Command Line: --module-path=/Users/fadel/Documents/javafx-sdk-16/lib --add-modules=javafx.controls,javafx.fxml -Dfile.encoding=UTF-8 -XX:+ShowCodeDetailsInExceptionMessages Application.Main

Host: MacBookPro14,1 x86_64 2300 MHz, 4 cores, 8G, Darwin 21.1.0
Time: Fri Dec 10 16:47:15 2021 +03 elapsed time: 0.744863 seconds (0d 0h 0m 0s)

---------------  T H R E A D  ---------------

Current thread (0x00007f85950f7c00):  JavaThread "JavaFX Application Thread" [_thread_in_native, id=259, stack(0x00007ff7b3f0a000,0x00007ff7b470a000)]

Stack: [0x00007ff7b3f0a000,0x00007ff7b470a000],  sp=0x00007ff7b47039e0,  free space=8166k
Native frames: (J=compiled Java code, A=aot compiled Java code, j=interpreted, Vv=VM code, C=native code)
V  [libjvm.dylib+0x2c13d9]  CompilationPolicy::compile_if_required(methodHandle const&, Thread*)+0x39
V  [libjvm.dylib+0x6ca9d3]  LinkResolver::runtime_resolve_virtual_method(CallInfo&, methodHandle const&, Klass*, Handle, Klass*, bool, Thread*)+0x3f3
V  [libjvm.dylib+0x6ca389]  LinkResolver::resolve_virtual_call(CallInfo&, Handle, Klass*, LinkInfo const&, bool, Thread*)+0x179
V  [libjvm.dylib+0x4ac72a]  JavaCalls::call_virtual(JavaValue*, Klass*, Symbol*, Symbol*, JavaCallArguments*, Thread*)+0xea
V  [libjvm.dylib+0x4ac98d]  JavaCalls::call_virtual(JavaValue*, Handle, Klass*, Symbol*, Symbol*, Handle, Thread*)+0x6d
V  [libjvm.dylib+0x954a89]  SystemDictionary::load_instance_class(Symbol*, Handle, Thread*)+0x119
V  [libjvm.dylib+0x953713]  SystemDictionary::resolve_instance_class_or_null(Symbol*, Handle, Handle, Thread*)+0x853
V  [libjvm.dylib+0x952917]  SystemDictionary::resolve_or_fail(Symbol*, Handle, Handle, bool, Thread*)+0x77
V  [libjvm.dylib+0x8dd93e]  SignatureStream::as_java_mirror(Handle, Handle, SignatureStream::FailureMode, Thread*)+0xbe
V  [libjvm.dylib+0x9593cf]  SystemDictionary::find_method_handle_type(Symbol*, Klass*, Thread*)+0x4df
V  [libjvm.dylib+0x2f2580]  ConstantPool::resolve_constant_at_impl(constantPoolHandle const&, int, int, bool*, Thread*)+0x730
V  [libjvm.dylib+0x17f304]  ConstantPool::resolve_possibly_cached_constant_at(int, Thread*)+0xf4
V  [libjvm.dylib+0x2f2d11]  ConstantPool::copy_bootstrap_arguments_at_impl(constantPoolHandle const&, int, int, int, objArrayHandle, int, bool, Handle, Thread*)+0x271
V  [libjvm.dylib+0x17fa06]  ConstantPool::copy_bootstrap_arguments_at(int, int, int, objArrayHandle, int, bool, Handle, Thread*)+0x156
V  [libjvm.dylib+0x17f67b]  BootstrapInfo::resolve_args(Thread*)+0x2db
V  [libjvm.dylib+0x17f1e8]  BootstrapInfo::resolve_bsm(Thread*)+0x208
V  [libjvm.dylib+0x95a29d]  SystemDictionary::invoke_bootstrap_method(BootstrapInfo&, Thread*)+0x2d
V  [libjvm.dylib+0x6cc30e]  LinkResolver::resolve_dynamic_call(CallInfo&, BootstrapInfo&, Thread*)+0x1e
V  [libjvm.dylib+0x6cbe82]  LinkResolver::resolve_invokedynamic(CallInfo&, constantPoolHandle const&, int, Thread*)+0x82
V  [libjvm.dylib+0x4a6b15]  InterpreterRuntime::resolve_invokedynamic(JavaThread*)+0x205
V  [libjvm.dylib+0x4a6c92]  InterpreterRuntime::resolve_from_cache(JavaThread*, Bytecodes::Code)+0x112
j  com.sun.javafx.tk.quantum.QuantumRenderer.createResourceFactory()V+10 javafx.graphics
j  com.sun.javafx.tk.quantum.QuantumToolkit.runToolkit()V+40 javafx.graphics
j  com.sun.javafx.tk.quantum.QuantumToolkit.lambda$startup$10()V+1 javafx.graphics
j  com.sun.javafx.tk.quantum.QuantumToolkit$$Lambda$79+0x00000008000cef78.run()V+4 javafx.graphics
j  com.sun.glass.ui.Application.lambda$run$1(Ljava/lang/Runnable;)V+4 javafx.graphics
j  com.sun.glass.ui.Application$$Lambda$84+0x00000008000dbf08.run()V+4 javafx.graphics
j  com.sun.glass.ui.mac.MacApplication.lambda$runLoop$3(Ljava/lang/Runnable;)V+12 javafx.graphics
j  com.sun.glass.ui.mac.MacApplication$$Lambda$85+0x00000008000dc130.run()V+8 javafx.graphics
v  ~StubRoutines::call_stub
V  [libjvm.dylib+0x4ad942]  JavaCalls::call_helper(JavaValue*, methodHandle const&, JavaCallArguments*, Thread*)+0x2e2
V  [libjvm.dylib+0x5057d7]  jni_invoke_nonstatic(JNIEnv_*, JavaValue*, _jobject*, JNICallType, _jmethodID*, JNI_ArgumentPusher*, Thread*)+0x397
V  [libjvm.dylib+0x50a039]  jni_CallVoidMethod+0x1a9
C  [libglass.dylib+0x9282]  -[GlassApplication applicationWillFinishLaunching:]+0x192
C  [CoreFoundation+0x75e73]  __CFNOTIFICATIONCENTER_IS_CALLING_OUT_TO_AN_OBSERVER__+0xc
C  [CoreFoundation+0x113349]  ___CFXRegistrationPost_block_invoke+0x31
C  [CoreFoundation+0x1132c6]  _CFXRegistrationPost+0x1f0
C  [CoreFoundation+0x47786]  _CFXNotificationPost+0x2dd
C  [Foundation+0x9996]  -[NSNotificationCenter postNotificationName:object:userInfo:]+0x52
C  [AppKit+0x2f5ff]  -[NSApplication finishLaunching]+0x146
C  [AppKit+0x2f209]  -[NSApplication run]+0xfa
C  [libglass.dylib+0xaf60]  -[GlassApplication runLoop:]+0x750
C  [Foundation+0x81d63]  __NSThreadPerformPerform+0xb3
C  [CoreFoundation+0x8084d]  __CFRUNLOOP_IS_CALLING_OUT_TO_A_SOURCE0_PERFORM_FUNCTION__+0x11
C  [CoreFoundation+0x807b5]  __CFRunLoopDoSource0+0xb4
C  [CoreFoundation+0x80534]  __CFRunLoopDoSources0+0xf2
C  [CoreFoundation+0x7ef6b]  __CFRunLoopRun+0x37d
C  [CoreFoundation+0x7e52d]  CFRunLoopRunSpecific+0x233
C  [libjli.dylib+0x6e32]  CreateExecutionEnvironment+0x192
C  [libjli.dylib+0x2674]  JLI_Launch+0x614
C  [java+0xc0e]  main+0x19e
C  0x00000001115884fe
C  0x0000000000000000

Java frames: (J=compiled Java code, j=interpreted, Vv=VM code)
j  com.sun.javafx.tk.quantum.QuantumRenderer.createResourceFactory()V+10 javafx.graphics
j  com.sun.javafx.tk.quantum.QuantumToolkit.runToolkit()V+40 javafx.graphics
j  com.sun.javafx.tk.quantum.QuantumToolkit.lambda$startup$10()V+1 javafx.graphics
j  com.sun.javafx.tk.quantum.QuantumToolkit$$Lambda$79+0x00000008000cef78.run()V+4 javafx.graphics
j  com.sun.glass.ui.Application.lambda$run$1(Ljava/lang/Runnable;)V+4 javafx.graphics
j  com.sun.glass.ui.Application$$Lambda$84+0x00000008000dbf08.run()V+4 javafx.graphics
j  com.sun.glass.ui.mac.MacApplication.lambda$runLoop$3(Ljava/lang/Runnable;)V+12 javafx.graphics
j  com.sun.glass.ui.mac.MacApplication$$Lambda$85+0x00000008000dc130.run()V+8 javafx.graphics
v  ~StubRoutines::call_stub

siginfo: si_signo: 11 (SIGSEGV), si_code: 1 (SEGV_MAPERR), si_addr: 0x0000000000000039

Register to memory mapping:

RAX=0x0000000000000011 is an unknown value
RBX=0x00007ff7b4703a40 is pointing into the stack for thread: 0x00007f85950f7c00
RCX=0x0000000000000009 is an unknown value
RDX=0x0000000000000008 is an unknown value
RSP=0x00007ff7b47039e0 is pointing into the stack for thread: 0x00007f85950f7c00
RBP=0x00007ff7b4703a20 is pointing into the stack for thread: 0x00007f85950f7c00
RSI=0x00007f85950f7c00 is a thread
RDI=0x0000000800001608 is a pointer to class: 
java.lang.CharSequence {0x0000000800001608}
R8 =0x0 is NULL
R9 =0x0000600001e1cf00 points into unknown readable memory: 0x0000000126e1e260 | 60 e2 e1 26 01 00 00 00
R10=0x0000000000000001 is an unknown value
R11={method} {0x0000000126652ec0} 'name' '()Ljava/lang/String;' in 'java/lang/ClassLoader'
R12=0x0000000000000001 is an unknown value
R13=0x00007f85950f7c00 is a thread
R14=0x00007f85950f7c00 is a thread
R15=0x00007ff7b4703a40 is pointing into the stack for thread: 0x00007f85950f7c00


Registers:
RAX=0x0000000000000011, RBX=0x00007ff7b4703a40, RCX=0x0000000000000009, RDX=0x0000000000000008
RSP=0x00007ff7b47039e0, RBP=0x00007ff7b4703a20, RSI=0x00007f85950f7c00, RDI=0x0000000800001608
R8 =0x0000000000000000, R9 =0x0000600001e1cf00, R10=0x0000000000000001, R11=0x0000000126652ec0
R12=0x0000000000000001, R13=0x00007f85950f7c00, R14=0x00007f85950f7c00, R15=0x00007ff7b4703a40
RIP=0x000000010cb463d9, EFLAGS=0x0000000000010202, ERR=0x0000000000000004
  TRAPNO=0x000000000000000e

Top of Stack: (sp=0x00007ff7b47039e0)
0x00007ff7b47039e0:   00007ff7b4703aa0 000000010cf4f3c7
0x00007ff7b47039f0:   00007ff7b4703a40 0000000000000001
0x00007ff7b4703a00:   00007ff7b4703b70 00007ff7b4703b70
0x00007ff7b4703a10:   0000000000000007 00007ff7b4703a40
0x00007ff7b4703a20:   00007ff7b4703aa0 000000010cf4f9d3
0x00007ff7b4703a30:   00007ff7b4703b70 0000000800002da8
0x00007ff7b4703a40:   0000000800001608 00007f85950f7c00
0x00007ff7b4703a50:   00007ff7b4703ac0 0000000800001c08
0x00007ff7b4703a60:   0000000800001608 00007f85950f7c00
0x00007ff7b4703a70:   00000001b4703ab0 0000600001e1ce88
0x00007ff7b4703a80:   0000000800001c08 0000600001e1cf00
0x00007ff7b4703a90:   00007ff7b4703ac0 00007ff7b4703b38
0x00007ff7b4703aa0:   00007ff7b4703b20 000000010cf4f389
0x00007ff7b4703ab0:   00007f85950f7c00 000000010d0b9b57
0x00007ff7b4703ac0:   0000000126652f80 00007f85950f7c00
0x00007ff7b4703ad0:   0000600001e1ce88 0000000800001c08
0x00007ff7b4703ae0:   000000010d440e60 0000000000000000
0x00007ff7b4703af0:   00000001b47045f8 00007ff7b4703b78
0x00007ff7b4703b00:   00007ff7b4703ca8 00007f85950f7c00
0x00007ff7b4703b10:   00007ff7b4703c08 0000600002f02130
0x00007ff7b4703b20:   00007ff7b4703bf0 000000010cd3172a
0x00007ff7b4703b30:   00007ff7b4703b80 00007f8595c03b08
0x00007ff7b4703b40:   00007f8595c06108 0000000800002da8
0x00007ff7b4703b50:   0000000000000000 0000000000000000
0x00007ff7b4703b60:   0000000000000000 000000010d020000
0x00007ff7b4703b70:   0000000800002da8 0000000126652f80
0x00007ff7b4703b80:   00007f85950f7c00 0000000800001608
0x00007ff7b4703b90:   00007f85950f7c00 0000000700000001
0x00007ff7b4703ba0:   0000000000000000 0000000000000000
0x00007ff7b4703bb0:   0000000000000006 000000010000001b
0x00007ff7b4703bc0:   00007ff7b4703bf0 0000600001e1ce88
0x00007ff7b4703bd0:   00007f85950f7c00 00007f859410ab58 

Instructions: (pc=0x000000010cb463d9)
0x000000010cb462d9:   0d b0 01 eb 09 a9 00 00 00 40 75 07 31 c0 5b 41
0x000000010cb462e9:   5e 5d c3 48 8d 05 c5 99 90 00 8b 00 83 f8 01 0f
0x000000010cb462f9:   94 c0 eb ea 0f 1f 00 55 48 89 e5 53 50 48 89 fb
0x000000010cb46309:   48 8b 3b f6 47 21 04 75 71 48 8d 05 19 bd 90 00
0x000000010cb46319:   80 38 00 74 0f 48 8b 47 08 0f b7 40 28 3d 40 1f
0x000000010cb46329:   00 00 77 56 0f b7 47 28 83 c0 fa 0f b7 c0 83 f8
0x000000010cb46339:   21 73 10 48 b9 11 fb 00 80 01 00 00 00 48 0f a3
0x000000010cb46349:   c1 72 37 83 fe fe 75 28 48 8d 05 38 c0 90 00 80
0x000000010cb46359:   38 00 74 2f be 01 00 00 00 e8 c9 f7 50 00 89 c1
0x000000010cb46369:   b0 01 84 c9 74 16 48 8b 3b be 04 00 00 00 eb 1c
0x000000010cb46379:   8d 46 ff 83 f8 03 77 02 eb 12 31 c0 48 83 c4 08
0x000000010cb46389:   5b 5d c3 48 8d 05 7d 9b 90 00 8b 30 e8 96 f7 50
0x000000010cb46399:   00 34 01 eb e7 66 90 55 48 89 e5 41 57 41 56 53
0x000000010cb463a9:   48 83 ec 28 49 89 f6 48 89 fb 48 8b 03 48 8b 40
0x000000010cb463b9:   40 48 83 f8 00 75 3e 48 8b 3b f6 47 21 04 75 35
0x000000010cb463c9:   48 8d 05 62 bc 90 00 80 38 00 74 0f 48 8b 47 08
0x000000010cb463d9:   0f b7 40 28 3d 40 1f 00 00 77 1a 0f b7 47 28 48
0x000000010cb463e9:   83 f8 26 77 1b 48 b9 40 c4 3e 00 60 00 00 00 48
0x000000010cb463f9:   0f a3 c1 73 0b 48 83 c4 28 5b 41 5e 41 5f 5d c3
0x000000010cb46409:   48 8d 05 80 bf 90 00 80 38 00 74 21 be 01 00 00
0x000000010cb46419:   00 e8 11 f7 50 00 84 c0 74 25 48 8b 3b be 04 00
0x000000010cb46429:   00 00 e8 00 f7 50 00 84 c0 75 ca eb 12 48 8d 05
0x000000010cb46439:   d3 9a 90 00 8b 30 e8 ec f6 50 00 84 c0 75 b6 48
0x000000010cb46449:   8d 05 d3 bb 90 00 80 38 00 74 59 4c 8d 3d d5 bb
0x000000010cb46459:   90 00 41 80 3f 00 74 9d 48 8d 05 ac db 96 00 8a
0x000000010cb46469:   00 84 c0 74 90 48 8b 3b 8b 47 20 85 c0 78 18 e8
0x000000010cb46479:   c3 e2 50 00 41 80 3f 00 0f 84 77 ff ff ff 84 c0
0x000000010cb46489:   75 10 e9 6e ff ff ff a9 00 00 00 40 0f 84 63 ff
0x000000010cb46499:   ff ff 48 8d 05 16 98 90 00 8b 00 83 f8 01 0f 85
0x000000010cb464a9:   51 ff ff ff 49 8b 06 4c 89 f7 ff 90 98 00 00 00
0x000000010cb464b9:   84 c0 0f 84 3d ff ff ff 49 8b 06 4c 89 f7 ff 50
0x000000010cb464c9:   48 84 c0 0f 85 2c ff ff ff 48 8b 03 48 8b 40 08 


Stack slot to memory mapping:
stack at sp + 0 slots: 0x00007ff7b4703aa0 is pointing into the stack for thread: 0x00007f85950f7c00
stack at sp + 1 slots: 0x000000010cf4f3c7: _ZN12LinkResolver31linktime_resolve_virtual_methodERK8LinkInfoP6Thread+0x27 in /Users/fadel/.p2/pool/plugins/org.eclipse.justj.openjdk.hotspot.jre.full.macosx.x86_64_15.0.1.v20201027-0507/jre/lib/server/libjvm.dylib at 0x000000010c885000
stack at sp + 2 slots: 0x00007ff7b4703a40 is pointing into the stack for thread: 0x00007f85950f7c00
stack at sp + 3 slots: 0x0000000000000001 is an unknown value
stack at sp + 4 slots: 0x00007ff7b4703b70 is pointing into the stack for thread: 0x00007f85950f7c00
stack at sp + 5 slots: 0x00007ff7b4703b70 is pointing into the stack for thread: 0x00007f85950f7c00
stack at sp + 6 slots: 0x0000000000000007 is an unknown value
stack at sp + 7 slots: 0x00007ff7b4703a40 is pointing into the stack for thread: 0x00007f85950f7c00


---------------  P R O C E S S  ---------------

Threads class SMR info:
_java_thread_list=0x0000600002149e20, length=13, elements={
0x00007f859380c400, 0x00007f859388f200, 0x00007f8595015c00, 0x00007f8593890400,
0x00007f8593015000, 0x00007f8593013600, 0x00007f8595016200, 0x00007f8593015c00,
0x00007f8595016800, 0x00007f8593018800, 0x00007f8595023e00, 0x00007f85950e9e00,
0x00007f85950f7c00
}

Java Threads: ( => current thread )
  0x00007f859380c400 JavaThread "main" [_thread_blocked, id=9731, stack(0x00007000039fc000,0x0000700003afc000)]
  0x00007f859388f200 JavaThread "Reference Handler" daemon [_thread_blocked, id=17411, stack(0x0000700004111000,0x0000700004211000)]
  0x00007f8595015c00 JavaThread "Finalizer" daemon [_thread_blocked, id=14851, stack(0x0000700004214000,0x0000700004314000)]
  0x00007f8593890400 JavaThread "Signal Dispatcher" daemon [_thread_blocked, id=23043, stack(0x000070000441d000,0x000070000451d000)]
  0x00007f8593015000 JavaThread "Service Thread" daemon [_thread_blocked, id=42243, stack(0x0000700004520000,0x0000700004620000)]
  0x00007f8593013600 JavaThread "C2 CompilerThread0" daemon [_thread_blocked, id=41731, stack(0x0000700004623000,0x0000700004723000)]
  0x00007f8595016200 JavaThread "C1 CompilerThread0" daemon [_thread_blocked, id=24835, stack(0x0000700004726000,0x0000700004826000)]
  0x00007f8593015c00 JavaThread "Sweeper thread" daemon [_thread_blocked, id=41219, stack(0x0000700004829000,0x0000700004929000)]
  0x00007f8595016800 JavaThread "Common-Cleaner" daemon [_thread_blocked, id=40963, stack(0x000070000492c000,0x0000700004a2c000)]
  0x00007f8593018800 JavaThread "Notification Thread" daemon [_thread_blocked, id=27139, stack(0x0000700004b32000,0x0000700004c32000)]
  0x00007f8595023e00 JavaThread "QuantumRenderer-0" daemon [_thread_blocked, id=28163, stack(0x0000700004d38000,0x0000700004e38000)]
  0x00007f85950e9e00 JavaThread "InvokeLaterDispatcher" daemon [_thread_blocked, id=34819, stack(0x0000700004e3b000,0x0000700004f3b000)]
=>0x00007f85950f7c00 JavaThread "JavaFX Application Thread" [_thread_in_native, id=259, stack(0x00007ff7b3f0a000,0x00007ff7b470a000)]

Other Threads:
  0x00007f8594706190 VMThread "VM Thread" [stack: 0x000070000400e000,0x000070000410e000] [id=18179]
  0x00007f859410b9c0 WatcherThread [stack: 0x0000700004c35000,0x0000700004d35000] [id=39683]
  0x00007f8594007570 GCTaskThread "GC Thread#0" [stack: 0x0000700003aff000,0x0000700003bff000] [id=12291]
  0x00007f8594007e60 ConcurrentGCThread "G1 Main Marker" [stack: 0x0000700003c02000,0x0000700003d02000] [id=19459]
  0x00007f8594008930 ConcurrentGCThread "G1 Conc#0" [stack: 0x0000700003d05000,0x0000700003e05000] [id=13059]
  0x00007f8594013420 ConcurrentGCThread "G1 Refine#0" [stack: 0x0000700003e08000,0x0000700003f08000] [id=13827]
  0x00007f85947041c0 ConcurrentGCThread "G1 Young RemSet Sampling" [stack: 0x0000700003f0b000,0x000070000400b000] [id=14083]

Threads with active compile tasks:

VM state: not at safepoint (normal execution)

VM Mutex/Monitor currently owned by a thread: None

Heap address: 0x0000000780000000, size: 2048 MB, Compressed Oops mode: Zero based, Oop shift amount: 3
CDS disabled.
Compressed class space mapped at: 0x0000000800000000-0x0000000840000000, size: 1073741824
Narrow klass base: 0x0000000800000000, Narrow klass shift: 0, Narrow klass range: 0x40000000

GC Precious Log:
 CPUs: 4 total, 4 available
 Memory: 8192M
 Large Page Support: Disabled
 NUMA Support: Disabled
 Compressed Oops: Enabled (Zero based)
 Heap Region Size: 1M
 Heap Min Capacity: 8M
 Heap Initial Capacity: 128M
 Heap Max Capacity: 2G
 Pre-touch: Disabled
 Parallel Workers: 4
 Concurrent Workers: 1
 Concurrent Refinement Workers: 4
 Periodic GC: Disabled

Heap:
 garbage-first heap   total 131072K, used 11264K [0x0000000780000000, 0x0000000800000000)
  region size 1024K, 13 young (13312K), 0 survivors (0K)
 Metaspace       used 8944K, capacity 9113K, committed 9344K, reserved 1058816K
  class space    used 838K, capacity 886K, committed 896K, reserved 1048576K

Heap Regions: E=young(eden), S=young(survivor), O=old, HS=humongous(starts), HC=humongous(continues), CS=collection set, F=free, OA=open archive, CA=closed archive, TAMS=top-at-mark-start (previous, next)
|   0|0x0000000780000000, 0x0000000780000000, 0x0000000780100000|  0%| F|  |TAMS 0x0000000780000000, 0x0000000780000000| Untracked 
|   1|0x0000000780100000, 0x0000000780100000, 0x0000000780200000|  0%| F|  |TAMS 0x0000000780100000, 0x0000000780100000| Untracked 
|   2|0x0000000780200000, 0x0000000780200000, 0x0000000780300000|  0%| F|  |TAMS 0x0000000780200000, 0x0000000780200000| Untracked 
|   3|0x0000000780300000, 0x0000000780300000, 0x0000000780400000|  0%| F|  |TAMS 0x0000000780300000, 0x0000000780300000| Untracked 
|   4|0x0000000780400000, 0x0000000780400000, 0x0000000780500000|  0%| F|  |TAMS 0x0000000780400000, 0x0000000780400000| Untracked 
|   5|0x0000000780500000, 0x0000000780500000, 0x0000000780600000|  0%| F|  |TAMS 0x0000000780500000, 0x0000000780500000| Untracked 
|   6|0x0000000780600000, 0x0000000780600000, 0x0000000780700000|  0%| F|  |TAMS 0x0000000780600000, 0x0000000780600000| Untracked 
|   7|0x0000000780700000, 0x0000000780700000, 0x0000000780800000|  0%| F|  |TAMS 0x0000000780700000, 0x0000000780700000| Untracked 
|   8|0x0000000780800000, 0x0000000780800000, 0x0000000780900000|  0%| F|  |TAMS 0x0000000780800000, 0x0000000780800000| Untracked 
|   9|0x0000000780900000, 0x0000000780900000, 0x0000000780a00000|  0%| F|  |TAMS 0x0000000780900000, 0x0000000780900000| Untracked 
|  10|0x0000000780a00000, 0x0000000780a00000, 0x0000000780b00000|  0%| F|  |TAMS 0x0000000780a00000, 0x0000000780a00000| Untracked 
|  11|0x0000000780b00000, 0x0000000780b00000, 0x0000000780c00000|  0%| F|  |TAMS 0x0000000780b00000, 0x0000000780b00000| Untracked 
|  12|0x0000000780c00000, 0x0000000780c00000, 0x0000000780d00000|  0%| F|  |TAMS 0x0000000780c00000, 0x0000000780c00000| Untracked 
|  13|0x0000000780d00000, 0x0000000780d00000, 0x0000000780e00000|  0%| F|  |TAMS 0x0000000780d00000, 0x0000000780d00000| Untracked 
|  14|0x0000000780e00000, 0x0000000780e00000, 0x0000000780f00000|  0%| F|  |TAMS 0x0000000780e00000, 0x0000000780e00000| Untracked 
|  15|0x0000000780f00000, 0x0000000780f00000, 0x0000000781000000|  0%| F|  |TAMS 0x0000000780f00000, 0x0000000780f00000| Untracked 
|  16|0x0000000781000000, 0x0000000781000000, 0x0000000781100000|  0%| F|  |TAMS 0x0000000781000000, 0x0000000781000000| Untracked 
|  17|0x0000000781100000, 0x0000000781100000, 0x0000000781200000|  0%| F|  |TAMS 0x0000000781100000, 0x0000000781100000| Untracked 
|  18|0x0000000781200000, 0x0000000781200000, 0x0000000781300000|  0%| F|  |TAMS 0x0000000781200000, 0x0000000781200000| Untracked 
|  19|0x0000000781300000, 0x0000000781300000, 0x0000000781400000|  0%| F|  |TAMS 0x0000000781300000, 0x0000000781300000| Untracked 
|  20|0x0000000781400000, 0x0000000781400000, 0x0000000781500000|  0%| F|  |TAMS 0x0000000781400000, 0x0000000781400000| Untracked 
|  21|0x0000000781500000, 0x0000000781500000, 0x0000000781600000|  0%| F|  |TAMS 0x0000000781500000, 0x0000000781500000| Untracked 
|  22|0x0000000781600000, 0x0000000781600000, 0x0000000781700000|  0%| F|  |TAMS 0x0000000781600000, 0x0000000781600000| Untracked 
|  23|0x0000000781700000, 0x0000000781700000, 0x0000000781800000|  0%| F|  |TAMS 0x0000000781700000, 0x0000000781700000| Untracked 
|  24|0x0000000781800000, 0x0000000781800000, 0x0000000781900000|  0%| F|  |TAMS 0x0000000781800000, 0x0000000781800000| Untracked 
|  25|0x0000000781900000, 0x0000000781900000, 0x0000000781a00000|  0%| F|  |TAMS 0x0000000781900000, 0x0000000781900000| Untracked 
|  26|0x0000000781a00000, 0x0000000781a00000, 0x0000000781b00000|  0%| F|  |TAMS 0x0000000781a00000, 0x0000000781a00000| Untracked 
|  27|0x0000000781b00000, 0x0000000781b00000, 0x0000000781c00000|  0%| F|  |TAMS 0x0000000781b00000, 0x0000000781b00000| Untracked 
|  28|0x0000000781c00000, 0x0000000781c00000, 0x0000000781d00000|  0%| F|  |TAMS 0x0000000781c00000, 0x0000000781c00000| Untracked 
|  29|0x0000000781d00000, 0x0000000781d00000, 0x0000000781e00000|  0%| F|  |TAMS 0x0000000781d00000, 0x0000000781d00000| Untracked 
|  30|0x0000000781e00000, 0x0000000781e00000, 0x0000000781f00000|  0%| F|  |TAMS 0x0000000781e00000, 0x0000000781e00000| Untracked 
|  31|0x0000000781f00000, 0x0000000781f00000, 0x0000000782000000|  0%| F|  |TAMS 0x0000000781f00000, 0x0000000781f00000| Untracked 
|  32|0x0000000782000000, 0x0000000782000000, 0x0000000782100000|  0%| F|  |TAMS 0x0000000782000000, 0x0000000782000000| Untracked 
|  33|0x0000000782100000, 0x0000000782100000, 0x0000000782200000|  0%| F|  |TAMS 0x0000000782100000, 0x0000000782100000| Untracked 
|  34|0x0000000782200000, 0x0000000782200000, 0x0000000782300000|  0%| F|  |TAMS 0x0000000782200000, 0x0000000782200000| Untracked 
|  35|0x0000000782300000, 0x0000000782300000, 0x0000000782400000|  0%| F|  |TAMS 0x0000000782300000, 0x0000000782300000| Untracked 
|  36|0x0000000782400000, 0x0000000782400000, 0x0000000782500000|  0%| F|  |TAMS 0x0000000782400000, 0x0000000782400000| Untracked 
|  37|0x0000000782500000, 0x0000000782500000, 0x0000000782600000|  0%| F|  |TAMS 0x0000000782500000, 0x0000000782500000| Untracked 
|  38|0x0000000782600000, 0x0000000782600000, 0x0000000782700000|  0%| F|  |TAMS 0x0000000782600000, 0x0000000782600000| Untracked 
|  39|0x0000000782700000, 0x0000000782700000, 0x0000000782800000|  0%| F|  |TAMS 0x0000000782700000, 0x0000000782700000| Untracked 
|  40|0x0000000782800000, 0x0000000782800000, 0x0000000782900000|  0%| F|  |TAMS 0x0000000782800000, 0x0000000782800000| Untracked 
|  41|0x0000000782900000, 0x0000000782900000, 0x0000000782a00000|  0%| F|  |TAMS 0x0000000782900000, 0x0000000782900000| Untracked 
|  42|0x0000000782a00000, 0x0000000782a00000, 0x0000000782b00000|  0%| F|  |TAMS 0x0000000782a00000, 0x0000000782a00000| Untracked 
|  43|0x0000000782b00000, 0x0000000782b00000, 0x0000000782c00000|  0%| F|  |TAMS 0x0000000782b00000, 0x0000000782b00000| Untracked 
|  44|0x0000000782c00000, 0x0000000782c00000, 0x0000000782d00000|  0%| F|  |TAMS 0x0000000782c00000, 0x0000000782c00000| Untracked 
|  45|0x0000000782d00000, 0x0000000782d00000, 0x0000000782e00000|  0%| F|  |TAMS 0x0000000782d00000, 0x0000000782d00000| Untracked 
|  46|0x0000000782e00000, 0x0000000782e00000, 0x0000000782f00000|  0%| F|  |TAMS 0x0000000782e00000, 0x0000000782e00000| Untracked 
|  47|0x0000000782f00000, 0x0000000782f00000, 0x0000000783000000|  0%| F|  |TAMS 0x0000000782f00000, 0x0000000782f00000| Untracked 
|  48|0x0000000783000000, 0x0000000783000000, 0x0000000783100000|  0%| F|  |TAMS 0x0000000783000000, 0x0000000783000000| Untracked 
|  49|0x0000000783100000, 0x0000000783100000, 0x0000000783200000|  0%| F|  |TAMS 0x0000000783100000, 0x0000000783100000| Untracked 
|  50|0x0000000783200000, 0x0000000783200000, 0x0000000783300000|  0%| F|  |TAMS 0x0000000783200000, 0x0000000783200000| Untracked 
|  51|0x0000000783300000, 0x0000000783300000, 0x0000000783400000|  0%| F|  |TAMS 0x0000000783300000, 0x0000000783300000| Untracked 
|  52|0x0000000783400000, 0x0000000783400000, 0x0000000783500000|  0%| F|  |TAMS 0x0000000783400000, 0x0000000783400000| Untracked 
|  53|0x0000000783500000, 0x0000000783500000, 0x0000000783600000|  0%| F|  |TAMS 0x0000000783500000, 0x0000000783500000| Untracked 
|  54|0x0000000783600000, 0x0000000783600000, 0x0000000783700000|  0%| F|  |TAMS 0x0000000783600000, 0x0000000783600000| Untracked 
|  55|0x0000000783700000, 0x0000000783700000, 0x0000000783800000|  0%| F|  |TAMS 0x0000000783700000, 0x0000000783700000| Untracked 
|  56|0x0000000783800000, 0x0000000783800000, 0x0000000783900000|  0%| F|  |TAMS 0x0000000783800000, 0x0000000783800000| Untracked 
|  57|0x0000000783900000, 0x0000000783900000, 0x0000000783a00000|  0%| F|  |TAMS 0x0000000783900000, 0x0000000783900000| Untracked 
|  58|0x0000000783a00000, 0x0000000783a00000, 0x0000000783b00000|  0%| F|  |TAMS 0x0000000783a00000, 0x0000000783a00000| Untracked 
|  59|0x0000000783b00000, 0x0000000783b00000, 0x0000000783c00000|  0%| F|  |TAMS 0x0000000783b00000, 0x0000000783b00000| Untracked 
|  60|0x0000000783c00000, 0x0000000783c00000, 0x0000000783d00000|  0%| F|  |TAMS 0x0000000783c00000, 0x0000000783c00000| Untracked 
|  61|0x0000000783d00000, 0x0000000783d00000, 0x0000000783e00000|  0%| F|  |TAMS 0x0000000783d00000, 0x0000000783d00000| Untracked 
|  62|0x0000000783e00000, 0x0000000783e00000, 0x0000000783f00000|  0%| F|  |TAMS 0x0000000783e00000, 0x0000000783e00000| Untracked 
|  63|0x0000000783f00000, 0x0000000783f00000, 0x0000000784000000|  0%| F|  |TAMS 0x0000000783f00000, 0x0000000783f00000| Untracked 
|  64|0x0000000784000000, 0x0000000784000000, 0x0000000784100000|  0%| F|  |TAMS 0x0000000784000000, 0x0000000784000000| Untracked 
|  65|0x0000000784100000, 0x0000000784100000, 0x0000000784200000|  0%| F|  |TAMS 0x0000000784100000, 0x0000000784100000| Untracked 
|  66|0x0000000784200000, 0x0000000784200000, 0x0000000784300000|  0%| F|  |TAMS 0x0000000784200000, 0x0000000784200000| Untracked 
|  67|0x0000000784300000, 0x0000000784300000, 0x0000000784400000|  0%| F|  |TAMS 0x0000000784300000, 0x0000000784300000| Untracked 
|  68|0x0000000784400000, 0x0000000784400000, 0x0000000784500000|  0%| F|  |TAMS 0x0000000784400000, 0x0000000784400000| Untracked 
|  69|0x0000000784500000, 0x0000000784500000, 0x0000000784600000|  0%| F|  |TAMS 0x0000000784500000, 0x0000000784500000| Untracked 
|  70|0x0000000784600000, 0x0000000784600000, 0x0000000784700000|  0%| F|  |TAMS 0x0000000784600000, 0x0000000784600000| Untracked 
|  71|0x0000000784700000, 0x0000000784700000, 0x0000000784800000|  0%| F|  |TAMS 0x0000000784700000, 0x0000000784700000| Untracked 
|  72|0x0000000784800000, 0x0000000784800000, 0x0000000784900000|  0%| F|  |TAMS 0x0000000784800000, 0x0000000784800000| Untracked 
|  73|0x0000000784900000, 0x0000000784900000, 0x0000000784a00000|  0%| F|  |TAMS 0x0000000784900000, 0x0000000784900000| Untracked 
|  74|0x0000000784a00000, 0x0000000784a00000, 0x0000000784b00000|  0%| F|  |TAMS 0x0000000784a00000, 0x0000000784a00000| Untracked 
|  75|0x0000000784b00000, 0x0000000784b00000, 0x0000000784c00000|  0%| F|  |TAMS 0x0000000784b00000, 0x0000000784b00000| Untracked 
|  76|0x0000000784c00000, 0x0000000784c00000, 0x0000000784d00000|  0%| F|  |TAMS 0x0000000784c00000, 0x0000000784c00000| Untracked 
|  77|0x0000000784d00000, 0x0000000784d00000, 0x0000000784e00000|  0%| F|  |TAMS 0x0000000784d00000, 0x0000000784d00000| Untracked 
|  78|0x0000000784e00000, 0x0000000784e00000, 0x0000000784f00000|  0%| F|  |TAMS 0x0000000784e00000, 0x0000000784e00000| Untracked 
|  79|0x0000000784f00000, 0x0000000784f00000, 0x0000000785000000|  0%| F|  |TAMS 0x0000000784f00000, 0x0000000784f00000| Untracked 
|  80|0x0000000785000000, 0x0000000785000000, 0x0000000785100000|  0%| F|  |TAMS 0x0000000785000000, 0x0000000785000000| Untracked 
|  81|0x0000000785100000, 0x0000000785100000, 0x0000000785200000|  0%| F|  |TAMS 0x0000000785100000, 0x0000000785100000| Untracked 
|  82|0x0000000785200000, 0x0000000785200000, 0x0000000785300000|  0%| F|  |TAMS 0x0000000785200000, 0x0000000785200000| Untracked 
|  83|0x0000000785300000, 0x0000000785300000, 0x0000000785400000|  0%| F|  |TAMS 0x0000000785300000, 0x0000000785300000| Untracked 
|  84|0x0000000785400000, 0x0000000785400000, 0x0000000785500000|  0%| F|  |TAMS 0x0000000785400000, 0x0000000785400000| Untracked 
|  85|0x0000000785500000, 0x0000000785500000, 0x0000000785600000|  0%| F|  |TAMS 0x0000000785500000, 0x0000000785500000| Untracked 
|  86|0x0000000785600000, 0x0000000785600000, 0x0000000785700000|  0%| F|  |TAMS 0x0000000785600000, 0x0000000785600000| Untracked 
|  87|0x0000000785700000, 0x0000000785700000, 0x0000000785800000|  0%| F|  |TAMS 0x0000000785700000, 0x0000000785700000| Untracked 
|  88|0x0000000785800000, 0x0000000785800000, 0x0000000785900000|  0%| F|  |TAMS 0x0000000785800000, 0x0000000785800000| Untracked 
|  89|0x0000000785900000, 0x0000000785900000, 0x0000000785a00000|  0%| F|  |TAMS 0x0000000785900000, 0x0000000785900000| Untracked 
|  90|0x0000000785a00000, 0x0000000785a00000, 0x0000000785b00000|  0%| F|  |TAMS 0x0000000785a00000, 0x0000000785a00000| Untracked 
|  91|0x0000000785b00000, 0x0000000785b00000, 0x0000000785c00000|  0%| F|  |TAMS 0x0000000785b00000, 0x0000000785b00000| Untracked 
|  92|0x0000000785c00000, 0x0000000785c00000, 0x0000000785d00000|  0%| F|  |TAMS 0x0000000785c00000, 0x0000000785c00000| Untracked 
|  93|0x0000000785d00000, 0x0000000785d00000, 0x0000000785e00000|  0%| F|  |TAMS 0x0000000785d00000, 0x0000000785d00000| Untracked 
|  94|0x0000000785e00000, 0x0000000785e00000, 0x0000000785f00000|  0%| F|  |TAMS 0x0000000785e00000, 0x0000000785e00000| Untracked 
|  95|0x0000000785f00000, 0x0000000785f00000, 0x0000000786000000|  0%| F|  |TAMS 0x0000000785f00000, 0x0000000785f00000| Untracked 
|  96|0x0000000786000000, 0x0000000786000000, 0x0000000786100000|  0%| F|  |TAMS 0x0000000786000000, 0x0000000786000000| Untracked 
|  97|0x0000000786100000, 0x0000000786100000, 0x0000000786200000|  0%| F|  |TAMS 0x0000000786100000, 0x0000000786100000| Untracked 
|  98|0x0000000786200000, 0x0000000786200000, 0x0000000786300000|  0%| F|  |TAMS 0x0000000786200000, 0x0000000786200000| Untracked 
|  99|0x0000000786300000, 0x0000000786300000, 0x0000000786400000|  0%| F|  |TAMS 0x0000000786300000, 0x0000000786300000| Untracked 
| 100|0x0000000786400000, 0x0000000786400000, 0x0000000786500000|  0%| F|  |TAMS 0x0000000786400000, 0x0000000786400000| Untracked 
| 101|0x0000000786500000, 0x0000000786500000, 0x0000000786600000|  0%| F|  |TAMS 0x0000000786500000, 0x0000000786500000| Untracked 
| 102|0x0000000786600000, 0x0000000786600000, 0x0000000786700000|  0%| F|  |TAMS 0x0000000786600000, 0x0000000786600000| Untracked 
| 103|0x0000000786700000, 0x0000000786700000, 0x0000000786800000|  0%| F|  |TAMS 0x0000000786700000, 0x0000000786700000| Untracked 
| 104|0x0000000786800000, 0x0000000786800000, 0x0000000786900000|  0%| F|  |TAMS 0x0000000786800000, 0x0000000786800000| Untracked 
| 105|0x0000000786900000, 0x0000000786900000, 0x0000000786a00000|  0%| F|  |TAMS 0x0000000786900000, 0x0000000786900000| Untracked 
| 106|0x0000000786a00000, 0x0000000786a00000, 0x0000000786b00000|  0%| F|  |TAMS 0x0000000786a00000, 0x0000000786a00000| Untracked 
| 107|0x0000000786b00000, 0x0000000786b00000, 0x0000000786c00000|  0%| F|  |TAMS 0x0000000786b00000, 0x0000000786b00000| Untracked 
| 108|0x0000000786c00000, 0x0000000786c00000, 0x0000000786d00000|  0%| F|  |TAMS 0x0000000786c00000, 0x0000000786c00000| Untracked 
| 109|0x0000000786d00000, 0x0000000786d00000, 0x0000000786e00000|  0%| F|  |TAMS 0x0000000786d00000, 0x0000000786d00000| Untracked 
| 110|0x0000000786e00000, 0x0000000786e00000, 0x0000000786f00000|  0%| F|  |TAMS 0x0000000786e00000, 0x0000000786e00000| Untracked 
| 111|0x0000000786f00000, 0x0000000786f00000, 0x0000000787000000|  0%| F|  |TAMS 0x0000000786f00000, 0x0000000786f00000| Untracked 
| 112|0x0000000787000000, 0x0000000787000000, 0x0000000787100000|  0%| F|  |TAMS 0x0000000787000000, 0x0000000787000000| Untracked 
| 113|0x0000000787100000, 0x0000000787100000, 0x0000000787200000|  0%| F|  |TAMS 0x0000000787100000, 0x0000000787100000| Untracked 
| 114|0x0000000787200000, 0x0000000787200000, 0x0000000787300000|  0%| F|  |TAMS 0x0000000787200000, 0x0000000787200000| Untracked 
| 115|0x0000000787300000, 0x0000000787385a38, 0x0000000787400000| 52%| E|  |TAMS 0x0000000787300000, 0x0000000787300000| Complete 
| 116|0x0000000787400000, 0x0000000787500000, 0x0000000787500000|100%| E|CS|TAMS 0x0000000787400000, 0x0000000787400000| Complete 
| 117|0x0000000787500000, 0x0000000787600000, 0x0000000787600000|100%| E|CS|TAMS 0x0000000787500000, 0x0000000787500000| Complete 
| 118|0x0000000787600000, 0x0000000787700000, 0x0000000787700000|100%| E|CS|TAMS 0x0000000787600000, 0x0000000787600000| Complete 
| 119|0x0000000787700000, 0x0000000787800000, 0x0000000787800000|100%| E|CS|TAMS 0x0000000787700000, 0x0000000787700000| Complete 
| 120|0x0000000787800000, 0x0000000787900000, 0x0000000787900000|100%| E|CS|TAMS 0x0000000787800000, 0x0000000787800000| Complete 
| 121|0x0000000787900000, 0x0000000787a00000, 0x0000000787a00000|100%| E|CS|TAMS 0x0000000787900000, 0x0000000787900000| Complete 
| 122|0x0000000787a00000, 0x0000000787b00000, 0x0000000787b00000|100%| E|CS|TAMS 0x0000000787a00000, 0x0000000787a00000| Complete 
| 123|0x0000000787b00000, 0x0000000787c00000, 0x0000000787c00000|100%| E|CS|TAMS 0x0000000787b00000, 0x0000000787b00000| Complete 
| 124|0x0000000787c00000, 0x0000000787d00000, 0x0000000787d00000|100%| E|CS|TAMS 0x0000000787c00000, 0x0000000787c00000| Complete 
| 125|0x0000000787d00000, 0x0000000787e00000, 0x0000000787e00000|100%| E|CS|TAMS 0x0000000787d00000, 0x0000000787d00000| Complete 
| 126|0x0000000787e00000, 0x0000000787f00000, 0x0000000787f00000|100%| E|  |TAMS 0x0000000787e00000, 0x0000000787e00000| Complete 
| 127|0x0000000787f00000, 0x0000000788000000, 0x0000000788000000|100%| E|CS|TAMS 0x0000000787f00000, 0x0000000787f00000| Complete 

Card table byte_map: [0x000000010bfb5000,0x000000010c3b5000] _byte_map_base: 0x00000001083b5000

Marking Bits (Prev, Next): (CMBitMap*) 0x00007f859382ea10, (CMBitMap*) 0x00007f859382ea50
 Prev Bits: [0x0000000120633000, 0x0000000122633000)
 Next Bits: [0x0000000122633000, 0x0000000124633000)

Polling page: 0x000000010b931000

Metaspace:

Usage:
  Non-class:      8.03 MB capacity,     7.92 MB ( 99%) used,   111.65 KB (  1%) free+waste,     9.44 KB ( <1%) overhead. 
      Class:    886.00 KB capacity,   838.99 KB ( 95%) used,    43.20 KB (  5%) free+waste,     3.81 KB ( <1%) overhead. 
       Both:      8.90 MB capacity,     8.74 MB ( 98%) used,   154.84 KB (  2%) free+waste,    13.25 KB ( <1%) overhead. 

Virtual space:
  Non-class space:       10.00 MB reserved,       8.25 MB ( 82%) committed 
      Class space:        1.00 GB reserved,     896.00 KB ( <1%) committed 
             Both:        1.01 GB reserved,       9.12 MB ( <1%) committed 

Chunk freelists:
   Non-Class:  61.00 KB
       Class:  10.00 KB
        Both:  71.00 KB

MaxMetaspaceSize: 17179869184.00 GB
CompressedClassSpaceSize: 1.00 GB

CodeHeap 'non-profiled nmethods': size=120032Kb used=225Kb max_used=225Kb free=119806Kb
 bounds [0x00000001190fb000, 0x000000011936b000, 0x0000000120633000]
CodeHeap 'profiled nmethods': size=120028Kb used=852Kb max_used=852Kb free=119176Kb
 bounds [0x0000000111bc4000, 0x0000000111e34000, 0x00000001190fb000]
CodeHeap 'non-nmethods': size=5700Kb used=1173Kb max_used=1188Kb free=4526Kb
 bounds [0x0000000111633000, 0x00000001118a3000, 0x0000000111bc4000]
 total_blobs=1091 nmethods=653 adapters=352
 compilation: enabled
              stopped_count=0, restarted_count=0
 full_count=0

Compilation events (20 events):
Event: 0.617 Thread 0x00007f8595016200  643   !   3       jdk.internal.loader.BuiltinClassLoader::loadClassOrNull (143 bytes)
Event: 0.618 Thread 0x00007f8595016200 nmethod 643 0x0000000111c91890 code [0x0000000111c91bc0, 0x0000000111c930b0]
Event: 0.618 Thread 0x00007f8595016200  646       3       java.util.WeakHashMap::remove (133 bytes)
Event: 0.618 Thread 0x00007f8595016200 nmethod 646 0x0000000111c93910 code [0x0000000111c93b40, 0x0000000111c94540]
Event: 0.618 Thread 0x00007f8595016200  644       3       java.lang.ClassLoader::loadClass (7 bytes)
Event: 0.618 Thread 0x00007f8595016200 nmethod 644 0x0000000111c94910 code [0x0000000111c94aa0, 0x0000000111c94c60]
Event: 0.618 Thread 0x00007f8595016200  645       3       jdk.internal.loader.ClassLoaders$AppClassLoader::loadClass (40 bytes)
Event: 0.619 Thread 0x00007f8595016200 nmethod 645 0x0000000111c94d10 code [0x0000000111c94f60, 0x0000000111c958d0]
Event: 0.619 Thread 0x00007f8595016200  647       3       java.lang.invoke.MemberName::getType (19 bytes)
Event: 0.619 Thread 0x00007f8595016200 nmethod 647 0x0000000111c95c90 code [0x0000000111c95e60, 0x0000000111c961f0]
Event: 0.619 Thread 0x00007f8595016200  648       3       java.lang.invoke.Invokers$Holder::linkToTargetMethod (8 bytes)
Event: 0.619 Thread 0x00007f8595016200 nmethod 648 0x0000000111c96310 code [0x0000000111c964c0, 0x0000000111c967b0]
Event: 0.619 Thread 0x00007f8595016200  649       3       java.lang.invoke.LambdaForm$MH/0x0000000800060040::invoke (8 bytes)
Event: 0.620 Thread 0x00007f8595016200 nmethod 649 0x0000000111c96890 code [0x0000000111c96a20, 0x0000000111c96c70]
Event: 0.621 Thread 0x00007f8594834600  650       4       java.lang.AbstractStringBuilder::ensureCapacityInternal (39 bytes)
Event: 0.624 Thread 0x00007f8594834600 nmethod 650 0x0000000119132f90 code [0x0000000119133120, 0x0000000119133558]
Event: 0.678 Thread 0x00007f8595016200  651       3       jdk.internal.org.objectweb.asm.MethodWriter::visitLabel (328 bytes)
Event: 0.689 Thread 0x00007f8595016200 nmethod 651 0x0000000111c96d90 code [0x0000000111c96fe0, 0x0000000111c97d40]
Event: 0.689 Thread 0x00007f8595016200  652       3       jdk.internal.org.objectweb.asm.MethodWriter::endCurrentBasicBlockWithNoSuccessor (94 bytes)
Event: 0.690 Thread 0x00007f8595016200 nmethod 652 0x0000000111c98010 code [0x0000000111c98200, 0x0000000111c98880]

GC Heap History (0 events):
No events

Deoptimization events (20 events):
Event: 0.368 Thread 0x00007f859380c400 DEOPT PACKING pc=0x0000000111bfbbaf sp=0x0000700003afa5c0
Event: 0.368 Thread 0x00007f859380c400 DEOPT UNPACKING pc=0x0000000111680f2b sp=0x0000700003af9a68 mode 0
Event: 0.369 Thread 0x00007f859380c400 DEOPT PACKING pc=0x0000000111bfbbaf sp=0x0000700003afa5c0
Event: 0.369 Thread 0x00007f859380c400 DEOPT UNPACKING pc=0x0000000111680f2b sp=0x0000700003af9a68 mode 0
Event: 0.369 Thread 0x00007f859380c400 DEOPT PACKING pc=0x0000000111bfbbaf sp=0x0000700003afa5c0
Event: 0.369 Thread 0x00007f859380c400 DEOPT UNPACKING pc=0x0000000111680f2b sp=0x0000700003af9a68 mode 0
Event: 0.370 Thread 0x00007f859380c400 DEOPT PACKING pc=0x0000000111bfbbaf sp=0x0000700003afa5c0
Event: 0.370 Thread 0x00007f859380c400 DEOPT UNPACKING pc=0x0000000111680f2b sp=0x0000700003af9a68 mode 0
Event: 0.406 Thread 0x00007f859380c400 Uncommon trap: trap_request=0xffffff45 fr.pc=0x000000011910f55c relative=0x000000000000069c
Event: 0.406 Thread 0x00007f859380c400 Uncommon trap: reason=unstable_if action=reinterpret pc=0x000000011910f55c method=java.util.ImmutableCollections$SetN.probe(Ljava/lang/Object;)I @ 34 c2
Event: 0.406 Thread 0x00007f859380c400 DEOPT PACKING pc=0x000000011910f55c sp=0x0000700003afb510
Event: 0.406 Thread 0x00007f859380c400 DEOPT UNPACKING pc=0x0000000111681125 sp=0x0000700003afb4e0 mode 2
Event: 0.417 Thread 0x00007f859380c400 Uncommon trap: trap_request=0xffffff45 fr.pc=0x00000001191124f0 relative=0x0000000000000450
Event: 0.417 Thread 0x00007f859380c400 Uncommon trap: reason=unstable_if action=reinterpret pc=0x00000001191124f0 method=java.lang.StringLatin1.newString([BII)Ljava/lang/String; @ 1 c2
Event: 0.417 Thread 0x00007f859380c400 DEOPT PACKING pc=0x00000001191124f0 sp=0x0000700003afb380
Event: 0.417 Thread 0x00007f859380c400 DEOPT UNPACKING pc=0x0000000111681125 sp=0x0000700003afb2e0 mode 2
Event: 0.418 Thread 0x00007f859380c400 Uncommon trap: trap_request=0xffffff45 fr.pc=0x0000000119110db8 relative=0x0000000000000398
Event: 0.418 Thread 0x00007f859380c400 Uncommon trap: reason=unstable_if action=reinterpret pc=0x0000000119110db8 method=java.lang.StringLatin1.newString([BII)Ljava/lang/String; @ 1 c2
Event: 0.418 Thread 0x00007f859380c400 DEOPT PACKING pc=0x0000000119110db8 sp=0x0000700003afb300
Event: 0.418 Thread 0x00007f859380c400 DEOPT UNPACKING pc=0x0000000111681125 sp=0x0000700003afb2e0 mode 2

Classes unloaded (0 events):
No events

Classes redefined (0 events):
No events

Internal exceptions (6 events):
Event: 0.463 Thread 0x00007f859380c400 Exception <a 'java/lang/NoSuchMethodError'{0x000000078780c2e0}: 'java.lang.Object java.lang.invoke.DirectMethodHandle$Holder.invokeStatic(java.lang.Object)'> (0x000000078780c2e0) 
thrown [./open/src/hotspot/share/interpreter/linkResolver.cpp, line 782]
Event: 0.464 Thread 0x00007f859380c400 Exception <a 'java/lang/NoSuchMethodError'{0x000000078780fbf0}: 'java.lang.Object java.lang.invoke.DirectMethodHandle$Holder.invokeStaticInit(java.lang.Object)'> (0x000000078780fbf0) 
thrown [./open/src/hotspot/share/interpreter/linkResolver.cpp, line 782]
Event: 0.466 Thread 0x00007f859380c400 Exception <a 'java/lang/NoSuchMethodError'{0x00000007878162d8}: 'void java.lang.invoke.DirectMethodHandle$Holder.invokeStatic(java.lang.Object, java.lang.Object)'> (0x00000007878162d8) 
thrown [./open/src/hotspot/share/interpreter/linkResolver.cpp, line 782]
Event: 0.542 Thread 0x00007f859380c400 Exception <a 'java/lang/NoSuchMethodError'{0x00000007876bc4e0}: 'void java.lang.invoke.DirectMethodHandle$Holder.invokeSpecial(java.lang.Object, java.lang.Object, java.lang.Object)'> (0x00000007876bc4e0) 
thrown [./open/src/hotspot/share/interpreter/linkResolver.cpp, line 782]
Event: 0.554 Thread 0x00007f859380c400 Exception <a 'java/lang/NoSuchMethodError'{0x00000007876f7890}: 'void java.lang.invoke.DirectMethodHandle$Holder.invokeStatic(java.lang.Object, java.lang.Object, java.lang.Object)'> (0x00000007876f7890) 
thrown [./open/src/hotspot/share/interpreter/linkResolver.cpp, line 782]
Event: 0.609 Thread 0x00007f859380c400 Exception <a 'java/lang/NoSuchMethodError'{0x0000000787414568}: 'int java.lang.invoke.DirectMethodHandle$Holder.invokeStaticInit(java.lang.Object, java.lang.Object, java.lang.Object)'> (0x0000000787414568) 
thrown [./open/src/hotspot/share/interpreter/linkResolver.cpp, line 782]

Events (20 events):
Event: 0.611 loading class java/util/concurrent/ForkJoinWorkerThread done
Event: 0.621 Loaded shared library /Users/fadel/Documents/javafx-sdk-16/lib/libglass.dylib
Event: 0.622 loading class java/util/concurrent/BlockingDeque
Event: 0.622 loading class java/util/concurrent/BlockingDeque done
Event: 0.622 loading class java/util/concurrent/LinkedBlockingDeque
Event: 0.622 loading class java/util/concurrent/LinkedBlockingDeque done
Event: 0.622 Thread 0x00007f85950e9e00 Thread added: 0x00007f85950e9e00
Event: 0.622 Protecting memory [0x0000700004e3b000,0x0000700004e3f000] with protection modes 0
Event: 0.623 Protecting memory [0x00007ff7b3f0a000,0x00007ff7b3f0e000] with protection modes 0
Event: 0.623 Thread 0x00007f85950f7c00 Thread added: 0x00007f85950f7c00
Event: 0.676 Thread 0x00007f8593a4e200 Thread added: 0x00007f8593a4e200
Event: 0.677 Protecting memory [0x0000700004f3e000,0x0000700004f42000] with protection modes 0
Event: 0.738 loading class java/util/concurrent/LinkedBlockingDeque$Node
Event: 0.738 loading class java/util/concurrent/LinkedBlockingDeque$Node done
Event: 0.738 Protecting memory [0x0000700004f3e000,0x0000700004f42000] with protection modes 3
Event: 0.739 Thread 0x00007f8593a4e200 Thread exited: 0x00007f8593a4e200
Event: 0.742 loading class java/util/Collections$UnmodifiableRandomAccessList
Event: 0.742 loading class java/util/Collections$UnmodifiableList
Event: 0.742 loading class java/util/Collections$UnmodifiableList done
Event: 0.742 loading class java/util/Collections$UnmodifiableRandomAccessList done


Dynamic libraries:
0x000000010b913000 	/Users/fadel/.p2/pool/plugins/org.eclipse.justj.openjdk.hotspot.jre.full.macosx.x86_64_15.0.1.v20201027-0507/jre/lib/libjli.dylib
0x00007ff814e54000 	/usr/lib/libz.1.dylib
0x00007ff814f34000 	/usr/lib/libSystem.B.dylib
0x00007ff814f2f000 	/usr/lib/system/libcache.dylib
0x00007ff814eeb000 	/usr/lib/system/libcommonCrypto.dylib
0x00007ff814f14000 	/usr/lib/system/libcompiler_rt.dylib
0x00007ff814f0a000 	/usr/lib/system/libcopyfile.dylib
0x00007ff809ea8000 	/usr/lib/system/libcorecrypto.dylib
0x00007ff809f67000 	/usr/lib/system/libdispatch.dylib
0x00007ff80a126000 	/usr/lib/system/libdyld.dylib
0x00007ff814f26000 	/usr/lib/system/libkeymgr.dylib
0x00007ff814ec9000 	/usr/lib/system/libmacho.dylib
0x00007ff814560000 	/usr/lib/system/libquarantine.dylib
0x00007ff814f24000 	/usr/lib/system/libremovefile.dylib
0x00007ff80f07e000 	/usr/lib/system/libsystem_asl.dylib
0x00007ff809e56000 	/usr/lib/system/libsystem_blocks.dylib
0x00007ff809feb000 	/usr/lib/system/libsystem_c.dylib
0x00007ff814f1c000 	/usr/lib/system/libsystem_collections.dylib
0x00007ff813747000 	/usr/lib/system/libsystem_configuration.dylib
0x00007ff812a09000 	/usr/lib/system/libsystem_containermanager.dylib
0x00007ff814c08000 	/usr/lib/system/libsystem_coreservices.dylib
0x00007ff80c74c000 	/usr/lib/system/libsystem_darwin.dylib
0x00007ff814f27000 	/usr/lib/system/libsystem_dnssd.dylib
0x00007ff809fe8000 	/usr/lib/system/libsystem_featureflags.dylib
0x00007ff80a13c000 	/usr/lib/system/libsystem_info.dylib
0x00007ff814e67000 	/usr/lib/system/libsystem_m.dylib
0x00007ff809f3b000 	/usr/lib/system/libsystem_malloc.dylib
0x00007ff80f01b000 	/usr/lib/system/libsystem_networkextension.dylib
0x00007ff80cb74000 	/usr/lib/system/libsystem_notify.dylib
0x00007ff81b065000 	/usr/lib/system/libsystem_product_info_filter.dylib
0x00007ff81374b000 	/usr/lib/system/libsystem_sandbox.dylib
0x00007ff814f21000 	/usr/lib/system/libsystem_secinit.dylib
0x00007ff80a0e3000 	/usr/lib/system/libsystem_kernel.dylib
0x00007ff80a132000 	/usr/lib/system/libsystem_platform.dylib
0x00007ff80a11a000 	/usr/lib/system/libsystem_pthread.dylib
0x00007ff8108cf000 	/usr/lib/system/libsystem_symptoms.dylib
0x00007ff809e8f000 	/usr/lib/system/libsystem_trace.dylib
0x00007ff814ef7000 	/usr/lib/system/libunwind.dylib
0x00007ff809e58000 	/usr/lib/system/libxpc.dylib
0x00007ff80a0cd000 	/usr/lib/libc++abi.dylib
0x00007ff809fae000 	/usr/lib/libobjc.A.dylib
0x00007ff814f02000 	/usr/lib/liboah.dylib
0x00007ff80a074000 	/usr/lib/libc++.1.dylib
0x00007ff820d94000 	/System/Library/Frameworks/Cocoa.framework/Versions/A/Cocoa
0x00007ff80cbd2000 	/System/Library/Frameworks/AppKit.framework/Versions/C/AppKit
0x00007ff8100bf000 	/System/Library/Frameworks/CoreData.framework/Versions/A/CoreData
0x00007ff80afed000 	/System/Library/Frameworks/Foundation.framework/Versions/C/Foundation
0x00007ff80da5f000 	/System/Library/PrivateFrameworks/UIFoundation.framework/Versions/A/UIFoundation
0x00007ff81ad6c000 	/System/Library/PrivateFrameworks/RemoteViewServices.framework/Versions/A/RemoteViewServices
0x00007ff8130e0000 	/System/Library/PrivateFrameworks/XCTTargetBootstrap.framework/Versions/A/XCTTargetBootstrap
0x00007ff816d43000 	/System/Library/PrivateFrameworks/InternationalSupport.framework/Versions/A/InternationalSupport
0x00007ff816dcd000 	/System/Library/PrivateFrameworks/UserActivity.framework/Versions/A/UserActivity
0x00007ff816123000 	/usr/lib/libspindump.dylib
0x00007ff80dced000 	/System/Library/Frameworks/UniformTypeIdentifiers.framework/Versions/A/UniformTypeIdentifiers
0x00007ff81181f000 	/usr/lib/libapp_launch_measurement.dylib
0x00007ff810a89000 	/System/Library/PrivateFrameworks/CoreAnalytics.framework/Versions/A/CoreAnalytics
0x00007ff811822000 	/System/Library/PrivateFrameworks/CoreAutoLayout.framework/Versions/A/CoreAutoLayout
0x00007ff812a41000 	/System/Library/Frameworks/Metal.framework/Versions/A/Metal
0x00007ff813756000 	/usr/lib/liblangid.dylib
0x00007ff8130e4000 	/System/Library/PrivateFrameworks/CoreSVG.framework/Versions/A/CoreSVG
0x00007ff80f0af000 	/System/Library/PrivateFrameworks/SkyLight.framework/Versions/A/SkyLight
0x00007ff80f440000 	/System/Library/Frameworks/CoreGraphics.framework/Versions/A/CoreGraphics
0x00007ff81b3d7000 	/System/Library/Frameworks/Accelerate.framework/Versions/A/Accelerate
0x00007ff815b9e000 	/System/Library/PrivateFrameworks/IconServices.framework/Versions/A/IconServices
0x00007ff812a26000 	/System/Library/Frameworks/IOSurface.framework/Versions/A/IOSurface
0x00007ff810ab7000 	/usr/lib/libDiagnosticMessagesClient.dylib
0x00007ff81ea36000 	/System/Library/Frameworks/ApplicationServices.framework/Versions/A/ApplicationServices
0x00007ff8130cc000 	/System/Library/PrivateFrameworks/DFRFoundation.framework/Versions/A/DFRFoundation
0x00007ff80c4c3000 	/usr/lib/libicucore.A.dylib
0x00007ff817a65000 	/System/Library/Frameworks/AudioToolbox.framework/Versions/A/AudioToolbox
0x00007ff816d4f000 	/System/Library/PrivateFrameworks/DataDetectorsCore.framework/Versions/A/DataDetectorsCore
0x00007ff912595000 	/System/Library/PrivateFrameworks/TextInput.framework/Versions/A/TextInput
0x00007ff80f032000 	/usr/lib/libMobileGestalt.dylib
0x00007ff812dd4000 	/System/Library/Frameworks/Carbon.framework/Versions/A/Frameworks/HIToolbox.framework/Versions/A/HIToolbox
0x00007ff81124d000 	/System/Library/Frameworks/QuartzCore.framework/Versions/A/QuartzCore
0x00007ff80c164000 	/System/Library/Frameworks/Security.framework/Versions/A/Security
0x00007ff81ada4000 	/System/Library/Frameworks/Carbon.framework/Versions/A/Frameworks/SpeechRecognition.framework/Versions/A/SpeechRecognition
0x00007ff81157f000 	/System/Library/PrivateFrameworks/CoreUI.framework/Versions/A/CoreUI
0x00007ff80ba3e000 	/System/Library/Frameworks/CoreAudio.framework/Versions/A/CoreAudio
0x00007ff810ba5000 	/System/Library/Frameworks/DiskArbitration.framework/Versions/A/DiskArbitration
0x00007ff81650a000 	/System/Library/PrivateFrameworks/MultitouchSupport.framework/Versions/A/MultitouchSupport
0x00007ff80f031000 	/usr/lib/libenergytrace.dylib
0x00007ff80cabe000 	/System/Library/Frameworks/IOKit.framework/Versions/A/IOKit
0x00007ff81b18e000 	/System/Library/Frameworks/CoreServices.framework/Versions/A/CoreServices
0x00007ff8117b9000 	/System/Library/PrivateFrameworks/PerformanceAnalysis.framework/Versions/A/PerformanceAnalysis
0x00007ffa21b56000 	/System/Library/Frameworks/OpenGL.framework/Versions/A/OpenGL
0x00007ff81448c000 	/System/Library/PrivateFrameworks/MobileKeyBag.framework/Versions/A/MobileKeyBag
0x00007ff80fb0c000 	/System/Library/Frameworks/ColorSync.framework/Versions/A/ColorSync
0x00007ff80a167000 	/System/Library/Frameworks/CoreFoundation.framework/Versions/A/CoreFoundation
0x00007ff81335d000 	/System/Library/Frameworks/CoreImage.framework/Versions/A/CoreImage
0x00007ff80b854000 	/System/Library/Frameworks/CoreText.framework/Versions/A/CoreText
0x00007ff813113000 	/System/Library/Frameworks/ImageIO.framework/Versions/A/ImageIO
0x00007ff814f3a000 	/System/Library/PrivateFrameworks/SoftLinking.framework/Versions/A/SoftLinking
0x00007ff81186a000 	/usr/lib/libxml2.2.dylib
0x00007ff8151bd000 	/usr/lib/libcompression.dylib
0x00007ff816c79000 	/System/Library/PrivateFrameworks/TextureIO.framework/Versions/A/TextureIO
0x00007ff8158b0000 	/usr/lib/libate.dylib
0x00007ff81568e000 	/usr/lib/liblzma.5.dylib
0x00007ff80acfe000 	/System/Library/Frameworks/SystemConfiguration.framework/Versions/A/SystemConfiguration
0x00007ff814f36000 	/usr/lib/libfakelink.dylib
0x00007ff80eb85000 	/System/Library/Frameworks/CFNetwork.framework/Versions/A/CFNetwork
0x00007ff815075000 	/usr/lib/libarchive.2.dylib
0x00007ff813752000 	/System/Library/PrivateFrameworks/AppleSystemInfo.framework/Versions/A/AppleSystemInfo
0x00007ff814586000 	/usr/lib/libbsm.0.dylib
0x00007ff80e1bc000 	/usr/lib/libnetwork.dylib
0x00007ff814ecf000 	/usr/lib/system/libkxld.dylib
0x00007ff8141b5000 	/System/Library/PrivateFrameworks/IOMobileFramebuffer.framework/Versions/A/IOMobileFramebuffer
0x00007ffb1f63f000 	/usr/lib/libCoreEntitlements.dylib
0x00007ff814bea000 	/System/Library/PrivateFrameworks/AppleFSCompression.framework/Versions/A/AppleFSCompression
0x00007ff81456f000 	/usr/lib/libcoretls.dylib
0x00007ff8156a8000 	/usr/lib/libcoretls_cfhelpers.dylib
0x00007ff8151b8000 	/usr/lib/libpam.2.dylib
0x00007ff8104f1000 	/usr/lib/libsqlite3.dylib
0x00007ff815717000 	/usr/lib/libxar.1.dylib
0x00007ff814bfa000 	/usr/lib/libbz2.1.0.dylib
0x00007ff814f3b000 	/usr/lib/libpcap.A.dylib
0x00007ff8108c6000 	/usr/lib/libdns_services.dylib
0x00007ff815187000 	/usr/lib/libapple_nghttp2.dylib
0x00007ff814f72000 	/usr/lib/libiconv.2.dylib
0x00007ff814ec8000 	/usr/lib/libcharset.1.dylib
0x00007ff8117ed000 	/System/Library/Frameworks/CoreServices.framework/Versions/A/Frameworks/FSEvents.framework/Versions/A/FSEvents
0x00007ff80c756000 	/System/Library/Frameworks/CoreServices.framework/Versions/A/Frameworks/CarbonCore.framework/Versions/A/CarbonCore
0x00007ff810b0a000 	/System/Library/Frameworks/CoreServices.framework/Versions/A/Frameworks/Metadata.framework/Versions/A/Metadata
0x00007ff814c0d000 	/System/Library/Frameworks/CoreServices.framework/Versions/A/Frameworks/OSServices.framework/Versions/A/OSServices
0x00007ff8150fb000 	/System/Library/Frameworks/CoreServices.framework/Versions/A/Frameworks/SearchKit.framework/Versions/A/SearchKit
0x00007ff810858000 	/System/Library/Frameworks/CoreServices.framework/Versions/A/Frameworks/AE.framework/Versions/A/AE
0x00007ff80a66a000 	/System/Library/Frameworks/CoreServices.framework/Versions/A/Frameworks/LaunchServices.framework/Versions/A/LaunchServices
0x00007ff81563f000 	/System/Library/Frameworks/CoreServices.framework/Versions/A/Frameworks/DictionaryServices.framework/Versions/A/DictionaryServices
0x00007ff8117fa000 	/System/Library/Frameworks/CoreServices.framework/Versions/A/Frameworks/SharedFileList.framework/Versions/A/SharedFileList
0x00007ff814563000 	/usr/lib/libCheckFix.dylib
0x00007ff80f095000 	/System/Library/PrivateFrameworks/TCC.framework/Versions/A/TCC
0x00007ff813758000 	/System/Library/PrivateFrameworks/CoreNLP.framework/Versions/A/CoreNLP
0x00007ff810aba000 	/System/Library/PrivateFrameworks/MetadataUtilities.framework/Versions/A/MetadataUtilities
0x00007ff80adae000 	/usr/lib/libmecabra.dylib
0x00007ff814596000 	/usr/lib/libmecab.dylib
0x00007ff80ad79000 	/usr/lib/libCRFSuite.dylib
0x00007ff8145f3000 	/usr/lib/libgermantok.dylib
0x00007ff815162000 	/usr/lib/libThaiTokenizer.dylib
0x00007ff810bac000 	/System/Library/Frameworks/Accelerate.framework/Versions/A/Frameworks/vImage.framework/Versions/A/vImage
0x00007ff81b165000 	/System/Library/Frameworks/Accelerate.framework/Versions/A/Frameworks/vecLib.framework/Versions/A/vecLib
0x00007ff815758000 	/System/Library/Frameworks/Accelerate.framework/Versions/A/Frameworks/vecLib.framework/Versions/A/libvMisc.dylib
0x00007ff813fd3000 	/System/Library/Frameworks/Accelerate.framework/Versions/A/Frameworks/vecLib.framework/Versions/A/libvDSP.dylib
0x00007ff80a9e2000 	/System/Library/Frameworks/Accelerate.framework/Versions/A/Frameworks/vecLib.framework/Versions/A/libBLAS.dylib
0x00007ff815299000 	/System/Library/Frameworks/Accelerate.framework/Versions/A/Frameworks/vecLib.framework/Versions/A/libLAPACK.dylib
0x00007ff8145f6000 	/System/Library/Frameworks/Accelerate.framework/Versions/A/Frameworks/vecLib.framework/Versions/A/libLinearAlgebra.dylib
0x00007ff8151a0000 	/System/Library/Frameworks/Accelerate.framework/Versions/A/Frameworks/vecLib.framework/Versions/A/libSparseBLAS.dylib
0x00007ff815293000 	/System/Library/Frameworks/Accelerate.framework/Versions/A/Frameworks/vecLib.framework/Versions/A/libQuadrature.dylib
0x00007ff813842000 	/System/Library/Frameworks/Accelerate.framework/Versions/A/Frameworks/vecLib.framework/Versions/A/libBNNS.dylib
0x00007ff80ac8f000 	/System/Library/Frameworks/Accelerate.framework/Versions/A/Frameworks/vecLib.framework/Versions/A/libSparse.dylib
0x00007ff81383b000 	/System/Library/PrivateFrameworks/LinguisticData.framework/Versions/A/LinguisticData
0x00007ff80ac44000 	/System/Library/PrivateFrameworks/Lexicon.framework/Versions/A/Lexicon
0x00007ff815751000 	/usr/lib/libChineseTokenizer.dylib
0x00007ff80b3a8000 	/System/Library/PrivateFrameworks/LanguageModeling.framework/Versions/A/LanguageModeling
0x00007ff815164000 	/System/Library/PrivateFrameworks/AppleSauce.framework/Versions/A/AppleSauce
0x00007ff8141a3000 	/System/Library/PrivateFrameworks/CoreEmoji.framework/Versions/A/CoreEmoji
0x00007ff815064000 	/usr/lib/libcmph.dylib
0x00007ff8117d1000 	/System/Library/Frameworks/OpenDirectory.framework/Versions/A/Frameworks/CFOpenDirectory.framework/Versions/A/CFOpenDirectory
0x00007ff8117c5000 	/System/Library/Frameworks/OpenDirectory.framework/Versions/A/OpenDirectory
0x00007ff8156aa000 	/System/Library/PrivateFrameworks/APFS.framework/Versions/A/APFS
0x00007ff8144c4000 	/System/Library/Frameworks/SecurityFoundation.framework/Versions/A/SecurityFoundation
0x00007ff815725000 	/usr/lib/libutil.dylib
0x00007ff80ca81000 	/System/Library/PrivateFrameworks/CoreServicesStore.framework/Versions/A/CoreServicesStore
0x00007ff815729000 	/usr/lib/libxslt.1.dylib
0x00007ff814551000 	/System/Library/PrivateFrameworks/BackgroundTaskManagement.framework/Versions/A/BackgroundTaskManagement
0x00007ff816b99000 	/System/Library/Frameworks/ImageIO.framework/Versions/A/Resources/libRadiance.dylib
0x00007ff816ba2000 	/System/Library/Frameworks/ImageIO.framework/Versions/A/Resources/libJPEG.dylib
0x00007ff816af2000 	/System/Library/Frameworks/ImageIO.framework/Versions/A/Resources/libPng.dylib
0x00007ff816b13000 	/System/Library/Frameworks/ImageIO.framework/Versions/A/Resources/libTIFF.dylib
0x00007ff816c02000 	/System/Library/Frameworks/ImageIO.framework/Versions/A/Resources/libGIF.dylib
0x00007ff816423000 	/System/Library/Frameworks/ImageIO.framework/Versions/A/Resources/libJP2.dylib
0x00007ff815b65000 	/usr/lib/libexpat.1.dylib
0x00007ff8163d8000 	/System/Library/PrivateFrameworks/AppleJPEG.framework/Versions/A/AppleJPEG
0x00007ff812c9b000 	/System/Library/PrivateFrameworks/FontServices.framework/libFontParser.dylib
0x00007ff810802000 	/System/Library/PrivateFrameworks/RunningBoardServices.framework/Versions/A/RunningBoardServices
0x00007ff821305000 	/System/Library/PrivateFrameworks/IOSurfaceAccelerator.framework/Versions/A/IOSurfaceAccelerator
0x00007ff816506000 	/System/Library/PrivateFrameworks/WatchdogClient.framework/Versions/A/WatchdogClient
0x00007ff80b497000 	/System/Library/Frameworks/CoreDisplay.framework/Versions/A/CoreDisplay
0x00007ff812b9b000 	/System/Library/Frameworks/CoreMedia.framework/Versions/A/CoreMedia
0x00007ff812a38000 	/System/Library/PrivateFrameworks/IOAccelerator.framework/Versions/A/IOAccelerator
0x00007ff81194d000 	/System/Library/Frameworks/CoreVideo.framework/Versions/A/CoreVideo
0x00007ff8151b6000 	/System/Library/Frameworks/MetalPerformanceShaders.framework/Versions/A/MetalPerformanceShaders
0x00007ff816541000 	/System/Library/Frameworks/VideoToolbox.framework/Versions/A/VideoToolbox
0x00007ff81074a000 	/System/Library/PrivateFrameworks/BaseBoard.framework/Versions/A/BaseBoard
0x00007ff8104d7000 	/System/Library/PrivateFrameworks/ProtocolBuffer.framework/Versions/A/ProtocolBuffer
0x00007ff816b92000 	/System/Library/PrivateFrameworks/GPUWrangler.framework/Versions/A/GPUWrangler
0x00007ff816b75000 	/System/Library/PrivateFrameworks/IOPresentment.framework/Versions/A/IOPresentment
0x00007ff816b9c000 	/System/Library/PrivateFrameworks/DSExternalDisplay.framework/Versions/A/DSExternalDisplay
0x00007ffa21b4a000 	/System/Library/Frameworks/OpenGL.framework/Versions/A/Libraries/libCoreFSCache.dylib
0x00007ffb0dc3e000 	/System/Library/PrivateFrameworks/GPUCompiler.framework/Versions/31001/Libraries/libGPUCompilerUtils.dylib
0x00007ff816c07000 	/System/Library/PrivateFrameworks/CMCaptureCore.framework/Versions/A/CMCaptureCore
0x00007ff816111000 	/System/Library/PrivateFrameworks/AppServerSupport.framework/Versions/A/AppServerSupport
0x00007ff8182e2000 	/System/Library/PrivateFrameworks/perfdata.framework/Versions/A/perfdata
0x00007ff80b5c3000 	/System/Library/PrivateFrameworks/AudioToolboxCore.framework/Versions/A/AudioToolboxCore
0x00007ff812b78000 	/System/Library/PrivateFrameworks/caulk.framework/Versions/A/caulk
0x00007ff817c0f000 	/usr/lib/libAudioStatistics.dylib
0x00007ff90ee54000 	/System/Library/PrivateFrameworks/SystemPolicy.framework/Versions/A/SystemPolicy
0x00007ff817e5b000 	/usr/lib/libSMC.dylib
0x00007ff820c47000 	/System/Library/Frameworks/CoreMIDI.framework/Versions/A/CoreMIDI
0x00007ff816ac2000 	/usr/lib/libAudioToolboxUtility.dylib
0x00007ff90b2dc000 	/System/Library/PrivateFrameworks/OSAServicesClient.framework/Versions/A/OSAServicesClient
0x00007ff8182ef000 	/usr/lib/libperfcheck.dylib
0x00007ff90f8e0000 	/usr/lib/libmis.dylib
0x00007ffa21ba6000 	/System/Library/Frameworks/OpenGL.framework/Versions/A/Libraries/libGLU.dylib
0x00007ffa21b69000 	/System/Library/Frameworks/OpenGL.framework/Versions/A/Libraries/libGFXShared.dylib
0x00007ffa21d77000 	/System/Library/Frameworks/OpenGL.framework/Versions/A/Libraries/libGL.dylib
0x00007ffa21b72000 	/System/Library/Frameworks/OpenGL.framework/Versions/A/Libraries/libGLImage.dylib
0x00007ffa21b66000 	/System/Library/Frameworks/OpenGL.framework/Versions/A/Libraries/libCVMSPluginSupport.dylib
0x00007ffa21b51000 	/System/Library/Frameworks/OpenGL.framework/Versions/A/Libraries/libCoreVMClient.dylib
0x00007ff8136d6000 	/System/Library/Frameworks/MetalPerformanceShaders.framework/Versions/A/Frameworks/MPSCore.framework/Versions/A/MPSCore
0x00007ff814b55000 	/System/Library/Frameworks/MetalPerformanceShaders.framework/Versions/A/Frameworks/MPSImage.framework/Versions/A/MPSImage
0x00007ff81460c000 	/System/Library/Frameworks/MetalPerformanceShaders.framework/Versions/A/Frameworks/MPSNeuralNetwork.framework/Versions/A/MPSNeuralNetwork
0x00007ff814a81000 	/System/Library/Frameworks/MetalPerformanceShaders.framework/Versions/A/Frameworks/MPSMatrix.framework/Versions/A/MPSMatrix
0x00007ff81483d000 	/System/Library/Frameworks/MetalPerformanceShaders.framework/Versions/A/Frameworks/MPSRayIntersector.framework/Versions/A/MPSRayIntersector
0x00007ff814aba000 	/System/Library/Frameworks/MetalPerformanceShaders.framework/Versions/A/Frameworks/MPSNDArray.framework/Versions/A/MPSNDArray
0x00007ffa2674f000 	/System/Library/Frameworks/MetalPerformanceShaders.framework/Versions/A/Frameworks/MPSFunctions.framework/Versions/A/MPSFunctions
0x00007ff80a8c5000 	/System/Library/PrivateFrameworks/MetalTools.framework/Versions/A/MetalTools
0x00007ff813750000 	/System/Library/PrivateFrameworks/AggregateDictionary.framework/Versions/A/AggregateDictionary
0x00007ff815947000 	/usr/lib/libIOReport.dylib
0x00007ffa23186000 	/System/Library/Frameworks/OpenCL.framework/Versions/A/OpenCL
0x00007ff815cab000 	/System/Library/PrivateFrameworks/FaceCore.framework/Versions/A/FaceCore
0x00007ff815c9c000 	/System/Library/PrivateFrameworks/GraphVisualizer.framework/Versions/A/GraphVisualizer
0x00007ffb0db49000 	/System/Library/PrivateFrameworks/FontServices.framework/Versions/A/FontServices
0x00007ff8160c8000 	/System/Library/PrivateFrameworks/OTSVG.framework/Versions/A/OTSVG
0x00007ff811535000 	/System/Library/Frameworks/ApplicationServices.framework/Versions/A/Frameworks/ATS.framework/Versions/A/Resources/libFontRegistry.dylib
0x00007ff816119000 	/System/Library/PrivateFrameworks/FontServices.framework/libhvf.dylib
0x00007ffb0db4a000 	/System/Library/PrivateFrameworks/FontServices.framework/libXTFontStaticRegistryData.dylib
0x00007ff815b15000 	/System/Library/PrivateFrameworks/AppleVA.framework/Versions/A/AppleVA
0x00007ff817c2f000 	/System/Library/Frameworks/ApplicationServices.framework/Versions/A/Frameworks/ATS.framework/Versions/A/ATS
0x00007ff80fc08000 	/System/Library/Frameworks/ApplicationServices.framework/Versions/A/Frameworks/HIServices.framework/Versions/A/HIServices
0x00007ff816c11000 	/System/Library/Frameworks/ApplicationServices.framework/Versions/A/Frameworks/PrintCore.framework/Versions/A/PrintCore
0x00007ff817fae000 	/System/Library/Frameworks/ApplicationServices.framework/Versions/A/Frameworks/QD.framework/Versions/A/QD
0x00007ff817fa6000 	/System/Library/Frameworks/ApplicationServices.framework/Versions/A/Frameworks/ColorSyncLegacy.framework/Versions/A/ColorSyncLegacy
0x00007ff817c1f000 	/System/Library/Frameworks/ApplicationServices.framework/Versions/A/Frameworks/SpeechSynthesis.framework/Versions/A/SpeechSynthesis
0x00007ff816bd2000 	/System/Library/Frameworks/ApplicationServices.framework/Versions/A/Frameworks/ATSUI.framework/Versions/A/ATSUI
0x00007ff817f3b000 	/usr/lib/libcups.2.dylib
0x00007ff8182fe000 	/System/Library/Frameworks/Kerberos.framework/Versions/A/Kerberos
0x00007ff81830d000 	/System/Library/Frameworks/GSS.framework/Versions/A/GSS
0x00007ff817c9b000 	/usr/lib/libresolv.9.dylib
0x00007ff816128000 	/System/Library/PrivateFrameworks/Heimdal.framework/Versions/A/Heimdal
0x00007ff81edb1000 	/System/Library/Frameworks/Kerberos.framework/Versions/A/Libraries/libHeimdalProxy.dylib
0x00007ff8108d7000 	/System/Library/Frameworks/Network.framework/Versions/A/Network
0x00007ff815b7f000 	/usr/lib/libheimdal-asn1.dylib
0x00007ff818358000 	/System/Library/PrivateFrameworks/CommonAuth.framework/Versions/A/CommonAuth
0x00007ff817ba0000 	/System/Library/PrivateFrameworks/AudioSession.framework/Versions/A/AudioSession
0x00007ff815c0f000 	/System/Library/PrivateFrameworks/MediaExperience.framework/Versions/A/MediaExperience
0x00007ff817a34000 	/System/Library/PrivateFrameworks/AudioSession.framework/libSessionUtility.dylib
0x00007ff817fba000 	/System/Library/PrivateFrameworks/AudioResourceArbitration.framework/Versions/A/AudioResourceArbitration
0x00007ff815b88000 	/System/Library/PrivateFrameworks/IconFoundation.framework/Versions/A/IconFoundation
0x00007ff81ad94000 	/System/Library/PrivateFrameworks/SpeechRecognitionCore.framework/Versions/A/SpeechRecognitionCore
0x000000010c885000 	/Users/fadel/.p2/pool/plugins/org.eclipse.justj.openjdk.hotspot.jre.full.macosx.x86_64_15.0.1.v20201027-0507/jre/lib/server/libjvm.dylib
0x000000010b93d000 	/Users/fadel/.p2/pool/plugins/org.eclipse.justj.openjdk.hotspot.jre.full.macosx.x86_64_15.0.1.v20201027-0507/jre/lib/libjimage.dylib
0x000000010b9b4000 	/Users/fadel/.p2/pool/plugins/org.eclipse.justj.openjdk.hotspot.jre.full.macosx.x86_64_15.0.1.v20201027-0507/jre/lib/libjava.dylib
0x000000010b9a3000 	/Users/fadel/.p2/pool/plugins/org.eclipse.justj.openjdk.hotspot.jre.full.macosx.x86_64_15.0.1.v20201027-0507/jre/lib/libzip.dylib
0x000000010c816000 	/Users/fadel/.p2/pool/plugins/org.eclipse.justj.openjdk.hotspot.jre.full.macosx.x86_64_15.0.1.v20201027-0507/jre/lib/libnio.dylib
0x000000010c843000 	/Users/fadel/.p2/pool/plugins/org.eclipse.justj.openjdk.hotspot.jre.full.macosx.x86_64_15.0.1.v20201027-0507/jre/lib/libnet.dylib
0x000000010c82a000 	/Users/fadel/Documents/javafx-sdk-16/lib/libprism_es2.dylib
0x00007ff80ca42000 	/System/Library/PrivateFrameworks/CoreServicesInternal.framework/Versions/A/CoreServicesInternal
0x00007ffa21d82000 	/System/Library/Frameworks/OpenGL.framework/Versions/A/Resources/GLEngine.bundle/GLEngine
0x00007ffa21be4000 	/System/Library/Frameworks/OpenGL.framework/Versions/A/Libraries/libGLProgrammability.dylib
0x00007ffa15fad000 	/System/Library/Extensions/AppleIntelKBLGraphicsGLDriver.bundle/Contents/MacOS/AppleIntelKBLGraphicsGLDriver
0x00007ff9196c9000 	/System/Library/PrivateFrameworks/GPUSupport.framework/Versions/A/Libraries/libGPUSupportMercury.dylib
0x00007ffa21f11000 	/System/Library/Frameworks/OpenGL.framework/Versions/A/Resources/GLRendererFloat.bundle/GLRendererFloat
0x0000000128b97000 	/Users/fadel/Documents/javafx-sdk-16/lib/libglass.dylib
0x00007ff81c565000 	/System/Library/Frameworks/FileProvider.framework/Versions/A/FileProvider
0x00007ff8106b6000 	/System/Library/Frameworks/Accounts.framework/Versions/A/Accounts
0x00007ff81c6dd000 	/System/Library/PrivateFrameworks/GenerationalStorage.framework/Versions/A/GenerationalStorage
0x00007ff81d1ea000 	/System/Library/PrivateFrameworks/CoreSymbolication.framework/Versions/A/CoreSymbolication
0x00007ff81bf69000 	/System/Library/PrivateFrameworks/SymptomDiagnosticReporter.framework/Versions/A/SymptomDiagnosticReporter
0x00007ff80dd01000 	/System/Library/PrivateFrameworks/DesktopServicesPriv.framework/Versions/A/DesktopServicesPriv
0x00007ff80cb83000 	/usr/lib/libsandbox.1.dylib
0x00007ff8119cb000 	/System/Library/PrivateFrameworks/UserManagement.framework/Versions/A/UserManagement
0x00007ff81d1af000 	/System/Library/PrivateFrameworks/DebugSymbols.framework/Versions/A/DebugSymbols
0x00007ff817f9b000 	/System/Library/PrivateFrameworks/NetAuth.framework/Versions/A/NetAuth
0x00007ff818e87000 	/System/Library/PrivateFrameworks/Sharing.framework/Versions/A/Sharing
0x00007ff81199e000 	/System/Library/PrivateFrameworks/login.framework/Versions/A/Frameworks/loginsupport.framework/Versions/A/loginsupport
0x00007ff81e2e7000 	/System/Library/PrivateFrameworks/Apple80211.framework/Versions/A/Apple80211
0x00007ff814c3a000 	/System/Library/PrivateFrameworks/AuthKit.framework/Versions/A/AuthKit
0x00007ff814299000 	/System/Library/PrivateFrameworks/CoreUtils.framework/Versions/A/CoreUtils
0x00007ff8141c0000 	/System/Library/Frameworks/CoreWLAN.framework/Versions/A/CoreWLAN
0x00007ff818fe2000 	/System/Library/Frameworks/IOBluetooth.framework/Versions/A/IOBluetooth
0x00007ff81e34f000 	/System/Library/PrivateFrameworks/CoreWiFi.framework/Versions/A/CoreWiFi
0x00007ff81cd84000 	/System/Library/PrivateFrameworks/FrontBoardServices.framework/Versions/A/FrontBoardServices
0x00007ff81ce16000 	/System/Library/PrivateFrameworks/BoardServices.framework/Versions/A/BoardServices
0x00007ff8144b3000 	/System/Library/PrivateFrameworks/AssertionServices.framework/Versions/A/AssertionServices
0x00007ff81e4d3000 	/System/Library/PrivateFrameworks/BackBoardServices.framework/Versions/A/BackBoardServices
0x00007ff8183e7000 	/System/Library/PrivateFrameworks/CorePhoneNumbers.framework/Versions/A/CorePhoneNumbers
0x00007ff81c086000 	/System/Library/PrivateFrameworks/DiskManagement.framework/Versions/A/DiskManagement
0x00007ff81bf9a000 	/System/Library/PrivateFrameworks/AppleIDAuthSupport.framework/Versions/A/AppleIDAuthSupport
0x00007ffa286b5000 	/System/Library/PrivateFrameworks/AAAFoundation.framework/Versions/A/AAAFoundation
0x00007ff8183c8000 	/System/Library/PrivateFrameworks/KeychainCircle.framework/Versions/A/KeychainCircle
0x00007ff81c052000 	/System/Library/PrivateFrameworks/MediaKit.framework/Versions/A/MediaKit
0x00007ff81bfa6000 	/System/Library/Frameworks/DiscRecording.framework/Versions/A/DiscRecording
0x00007ff815a8d000 	/usr/lib/libCoreStorage.dylib
0x00007ff81e7c0000 	/usr/lib/libcsfde.dylib
0x00007ff8190af000 	/System/Library/PrivateFrameworks/ProtectedCloudStorage.framework/Versions/A/ProtectedCloudStorage
0x00007ff81e7bc000 	/System/Library/PrivateFrameworks/EFILogin.framework/Versions/A/EFILogin
0x00007ff81c703000 	/System/Library/PrivateFrameworks/OctagonTrust.framework/Versions/A/OctagonTrust
0x00007ffb0ce83000 	/System/Library/PrivateFrameworks/CoreUtilsExtras.framework/Versions/A/CoreUtilsExtras
0x00007ff81bed9000 	/System/Library/Frameworks/CoreBluetooth.framework/Versions/A/CoreBluetooth
0x00007ff81ee36000 	/System/Library/Frameworks/AudioUnit.framework/Versions/A/AudioUnit
0x00007ff815a85000 	/usr/lib/libMatch.1.dylib
0x00007ff913cb3000 	/System/Library/Frameworks/Accelerate.framework/Versions/A/Frameworks/vImage.framework/Versions/A/Libraries/libCGInterfaces.dylib
0x000000012a4f7000 	/usr/lib/libobjc-trampolines.dylib
0x00007ffb1f74d000 	/usr/lib/libRosetta.dylib
0x00007ff8116c5000 	/System/Library/PrivateFrameworks/ViewBridge.framework/Versions/A/ViewBridge


VM Arguments:
jvm_args: --module-path=/Users/fadel/Documents/javafx-sdk-16/lib --add-modules=javafx.controls,javafx.fxml -Dfile.encoding=UTF-8 -XX:+ShowCodeDetailsInExceptionMessages 
java_command: Application.Main
java_class_path (initial): /Users/fadel/eclipse-workspace/Competition_tracker_project/target/classes:/Users/fadel/Documents/javafx-sdk-16/lib/javafx.base.jar:/Users/fadel/Documents/javafx-sdk-16/lib/javafx.controls.jar:/Users/fadel/Documents/javafx-sdk-16/lib/javafx.web.jar:/Users/fadel/Documents/javafx-sdk-16/lib/javafx.swing.jar:/Users/fadel/Documents/javafx-sdk-16/lib/javafx.graphics.jar:/Users/fadel/Documents/javafx-sdk-16/lib/javafx.media.jar:/Users/fadel/Documents/javafx-sdk-16/lib/javafx-swt.jar:/Users/fadel/Documents/javafx-sdk-16/lib/javafx.fxml.jar:/Users/fadel/.m2/repository/org/apache/poi/poi/5.0.0/poi-5.0.0.jar:/Users/fadel/.m2/repository/org/slf4j/slf4j-api/1.7.30/slf4j-api-1.7.30.jar:/Users/fadel/.m2/repository/org/slf4j/jcl-over-slf4j/1.7.30/jcl-over-slf4j-1.7.30.jar:/Users/fadel/.m2/repository/commons-codec/commons-codec/1.15/commons-codec-1.15.jar:/Users/fadel/.m2/repository/org/apache/commons/commons-collections4/4.4/commons-collections4-4.4.jar:/Users/fadel/.m2/repository/org/apache/commons/commons-math3/3.6.1/commons-math3-3.6.1.jar:/Users/fadel/.m2/repository/com/zaxxer/SparseBitSet/1.2/SparseBitSet-1.2.jar:/Users/fadel/.m2/repository/org/apache/poi/poi-ooxml/5.0.0/poi-ooxml-5.0.0.jar:/Users/fadel/.m2/repository/org/apache/poi/poi-ooxml-lite/5.0.0/poi-ooxml-lite-5.0.0.jar:/Users/fadel/.m2/repository/org/apache/xmlbeans/xmlbeans/4.0.0/xmlbeans-4.0.0.jar:/Users/fadel/.m2/repository/org/apache/commons/commons-compress/1.20/commons-compress-1.20.jar:/Users/fadel/.m2/repository/com/github/virtuald/curvesapi/1.06/curvesapi-1.06.jar:/Users/fadel/.m2/repository/org/bouncycastle/bcpkix-jdk15on/1.68/bcpkix-jdk15on-1.68.jar:/Users/fadel/.m2/repository/org/bouncycastle/bcprov-jdk15on/1.68/bcprov-jdk15on-1.68.jar:/Users/fadel/.m2/repository/org/apache/santuario/xmlsec/2.2.1/xmlsec-2.2.1.jar:/Users/fadel/.m2/repository/com/fasterxml/woodstox/woodstox-core/5.2.1/woodstox-core-5.2.1.jar:/Users/fadel/.m2/repository/org/codehaus/woodstox/stax2-api/4.2/stax2-ap
Launcher Type: SUN_STANDARD

[Global flags]
     intx CICompilerCount                          = 3                                         {product} {ergonomic}
     uint ConcGCThreads                            = 1                                         {product} {ergonomic}
     uint G1ConcRefinementThreads                  = 4                                         {product} {ergonomic}
   size_t G1HeapRegionSize                         = 1048576                                   {product} {ergonomic}
    uintx GCDrainStackTargetSize                   = 64                                        {product} {ergonomic}
   size_t InitialHeapSize                          = 134217728                                 {product} {ergonomic}
   size_t MarkStackSize                            = 4194304                                   {product} {ergonomic}
   size_t MaxHeapSize                              = 2147483648                                {product} {ergonomic}
   size_t MaxNewSize                               = 1287651328                                {product} {ergonomic}
   size_t MinHeapDeltaBytes                        = 1048576                                   {product} {ergonomic}
   size_t MinHeapSize                              = 8388608                                   {product} {ergonomic}
    uintx NonNMethodCodeHeapSize                   = 5832780                                {pd product} {ergonomic}
    uintx NonProfiledCodeHeapSize                  = 122912730                              {pd product} {ergonomic}
    uintx ProfiledCodeHeapSize                     = 122912730                              {pd product} {ergonomic}
    uintx ReservedCodeCacheSize                    = 251658240                              {pd product} {ergonomic}
     bool SegmentedCodeCache                       = true                                      {product} {ergonomic}
     bool ShowCodeDetailsInExceptionMessages       = true                                   {manageable} {command line}
   size_t SoftMaxHeapSize                          = 2147483648                             {manageable} {ergonomic}
     bool UseCompressedClassPointers               = true                                 {lp64_product} {ergonomic}
     bool UseCompressedOops                        = true                                 {lp64_product} {ergonomic}
     bool UseG1GC                                  = true                                      {product} {ergonomic}
     bool UseNUMA                                  = false                                     {product} {ergonomic}
     bool UseNUMAInterleaving                      = false                                     {product} {ergonomic}

Logging:
Log output configuration:
 #0: stdout all=warning uptime,level,tags
 #1: stderr all=off uptime,level,tags

Environment Variables:
PATH=/usr/bin:/bin:/usr/sbin:/sbin
SHELL=/bin/bash

Signal Handlers:
SIGSEGV: [libjvm.dylib+0xa00020], sa_mask[0]=11111111011111110111111111111111, sa_flags=SA_ONSTACK|SA_RESTART|SA_SIGINFO
SIGBUS: [libjvm.dylib+0xa00020], sa_mask[0]=11111111011111110111111111111111, sa_flags=SA_RESTART|SA_SIGINFO
SIGFPE: [libjvm.dylib+0xa00020], sa_mask[0]=11111111011111110111111111111111, sa_flags=SA_RESTART|SA_SIGINFO
SIGPIPE: [libjvm.dylib+0x82b7f0], sa_mask[0]=11111111011111110111111111111111, sa_flags=SA_RESTART|SA_SIGINFO
SIGXFSZ: [libjvm.dylib+0x82b7f0], sa_mask[0]=11111111011111110111111111111111, sa_flags=SA_RESTART|SA_SIGINFO
SIGILL: [libjvm.dylib+0xa00020], sa_mask[0]=11111111011111110111111111111111, sa_flags=SA_RESTART|SA_SIGINFO
SIGUSR2: [libjvm.dylib+0x82c300], sa_mask[0]=00100000000000000000000000000000, sa_flags=SA_RESTART|SA_SIGINFO
SIGHUP: [libjvm.dylib+0x82aa00], sa_mask[0]=11111111011111110111111111111111, sa_flags=SA_RESTART|SA_SIGINFO
SIGINT: [libjvm.dylib+0x82aa00], sa_mask[0]=11111111011111110111111111111111, sa_flags=SA_RESTART|SA_SIGINFO
SIGTERM: [libjvm.dylib+0x82aa00], sa_mask[0]=11111111011111110111111111111111, sa_flags=SA_RESTART|SA_SIGINFO
SIGQUIT: [libjvm.dylib+0x82aa00], sa_mask[0]=11111111011111110111111111111111, sa_flags=SA_RESTART|SA_SIGINFO


---------------  S Y S T E M  ---------------

OS:uname: Darwin 21.1.0 Darwin Kernel Version 21.1.0: Wed Oct 13 17:33:23 PDT 2021; root:xnu-8019.41.5~1/RELEASE_X86_64 x86_64
OS uptime: 27 days 3:42 hours
rlimit (soft/hard): STACK 8192k/65532k , CORE 0k/infinity , NPROC 1392/2088 , NOFILE 10240/infinity , AS infinity/infinity , CPU infinity/infinity , DATA infinity/infinity , FSIZE infinity/infinity , MEMLOCK infinity/infinity , RSS infinity/infinity
load average: 3.66 2.89 2.51

CPU: total 4 (initial active 4) (2 cores per cpu, 2 threads per core) family 6 model 142 stepping 9 microcode 0xea, cmov, cx8, fxsr, mmx, sse, sse2, sse3, ssse3, sse4.1, sse4.2, popcnt, vzeroupper, avx, avx2, aes, clmul, erms, rtm, 3dnowpref, lzcnt, ht, tsc, tscinvbit, bmi1, bmi2, adx, fma, clflush, clflushopt

Memory: 4k page, physical 8388608k(1165036k free), swap 12582912k(1135616k free)

vm_info: OpenJDK 64-Bit Server VM (15.0.1+9-18) for bsd-amd64 JRE (15.0.1+9-18), built on Sep 15 2020 13:39:50 by "mach5one" with clang 4.2.1 Compatible Apple LLVM 10.0.0 (clang-1000.11.45.5)

END.
